Log file open, 01/13/20 11:27:18
LogWindows: Failed to load 'aqProf.dll' (GetLastError=126)
LogWindows: File 'aqProf.dll' does not exist
LogWindows: Failed to load 'VtuneApi.dll' (GetLastError=126)
LogWindows: File 'VtuneApi.dll' does not exist
LogWindows: Failed to load 'VtuneApi32e.dll' (GetLastError=126)
LogWindows: File 'VtuneApi32e.dll' does not exist
LogConsoleResponse: Display: Failed to find resolution value strings in scalability ini. Falling back to default.
LogInit: Display: Running engine for game: ShittyGame1
LogPlatformFile: Not using cached read wrapper
LogTaskGraph: Started task graph with 5 named threads and 35 total threads with 3 sets of task threads.
LogStats: Stats thread started at 0.072649
LogD3D11RHI: Loaded GFSDK_Aftermath_Lib.x64.dll
LogICUInternationalization: ICU TimeZone Detection - Raw Offset: -8:00, Platform Override: ''
LogPluginManager: Mounting plugin Paper2D
LogPluginManager: Mounting plugin AISupport
LogPluginManager: Mounting plugin LightPropagationVolume
LogPluginManager: Mounting plugin ActorLayerUtilities
LogPluginManager: Mounting plugin AnimationSharing
LogPluginManager: Mounting plugin CLionSourceCodeAccess
LogPluginManager: Mounting plugin CodeLiteSourceCodeAccess
LogPluginManager: Mounting plugin GitSourceControl
LogPluginManager: Mounting plugin KDevelopSourceCodeAccess
LogPluginManager: Mounting plugin NullSourceCodeAccess
LogPluginManager: Mounting plugin PerforceSourceControl
LogPluginManager: Mounting plugin PlasticSourceControl
LogPluginManager: Mounting plugin SubversionSourceControl
LogPluginManager: Mounting plugin UObjectPlugin
LogPluginManager: Mounting plugin VisualStudioCodeSourceCodeAccess
LogPluginManager: Mounting plugin VisualStudioSourceCodeAccess
LogPluginManager: Mounting plugin XCodeSourceCodeAccess
LogPluginManager: Mounting plugin AssetManagerEditor
LogPluginManager: Mounting plugin CryptoKeys
LogPluginManager: Mounting plugin CurveEditorTools
LogPluginManager: Mounting plugin DataValidation
LogPluginManager: Mounting plugin FacialAnimation
LogPluginManager: Mounting plugin GameplayTagsEditor
LogPluginManager: Mounting plugin MacGraphicsSwitching
LogPluginManager: Mounting plugin MaterialAnalyzer
LogPluginManager: Mounting plugin MobileLauncherProfileWizard
LogPluginManager: Mounting plugin PluginBrowser
LogPluginManager: Mounting plugin SpeedTreeImporter
LogPluginManager: Mounting plugin DatasmithContent
LogPluginManager: Mounting plugin VariantManagerContent
LogPluginManager: Mounting plugin AlembicImporter
LogPluginManager: Mounting plugin AutomationUtils
LogPluginManager: Mounting plugin BackChannel
LogPluginManager: Mounting plugin CharacterAI
LogPluginManager: Mounting plugin GeometryCache
LogPluginManager: Mounting plugin PlatformCrypto
LogPluginManager: Mounting plugin ProxyLODPlugin
LogPluginManager: Mounting plugin SkeletalReduction
LogPluginManager: Mounting plugin MagicLeap
LogPluginManager: Mounting plugin MagicLeapMedia
LogPluginManager: Mounting plugin MLSDK
LogPluginManager: Mounting plugin AndroidMedia
LogPluginManager: Mounting plugin AvfMedia
LogPluginManager: Mounting plugin ImgMedia
LogPluginManager: Mounting plugin MediaCompositing
LogPluginManager: Mounting plugin MediaPlayerEditor
LogPluginManager: Mounting plugin WebMMedia
LogPluginManager: Mounting plugin WmfMedia
LogPluginManager: Mounting plugin TcpMessaging
LogPluginManager: Mounting plugin UdpMessaging
LogPluginManager: Mounting plugin ActorSequence
LogPluginManager: Mounting plugin LevelSequenceEditor
LogPluginManager: Mounting plugin MatineeToLevelSequence
LogPluginManager: Mounting plugin NetcodeUnitTest
LogPluginManager: Mounting plugin NUTUnrealEngine4
LogPluginManager: Mounting plugin OnlineSubsystemGooglePlay
LogPluginManager: Mounting plugin OnlineSubsystemIOS
LogPluginManager: Mounting plugin OnlineSubsystem
LogPluginManager: Mounting plugin OnlineSubsystemNull
LogPluginManager: Mounting plugin OnlineSubsystemUtils
LogPluginManager: Mounting plugin LauncherChunkInstaller
LogPluginManager: Mounting plugin AndroidDeviceProfileSelector
LogPluginManager: Mounting plugin AndroidMoviePlayer
LogPluginManager: Mounting plugin AndroidPermission
LogPluginManager: Mounting plugin AppleImageUtils
LogPluginManager: Mounting plugin AppleMoviePlayer
LogPluginManager: Mounting plugin ArchVisCharacter
LogPluginManager: Mounting plugin AssetTags
LogPluginManager: Mounting plugin AudioCapture
LogPluginManager: Mounting plugin CableComponent
LogPluginManager: Mounting plugin CustomMeshComponent
LogPluginManager: Mounting plugin EditableMesh
LogPluginManager: Mounting plugin ExampleDeviceProfileSelector
LogPluginManager: Mounting plugin GoogleCloudMessaging
LogPluginManager: Mounting plugin IOSDeviceProfileSelector
LogPluginManager: Mounting plugin LinuxDeviceProfileSelector
LogPluginManager: Mounting plugin LocationServicesBPLibrary
LogPluginManager: Mounting plugin MobilePatchingUtils
LogPluginManager: Mounting plugin OculusVR
LogPluginManager: Mounting plugin PhysXVehicles
LogPluginManager: Mounting plugin PostSplashScreen
LogPluginManager: Mounting plugin ProceduralMeshComponent
LogPluginManager: Mounting plugin RuntimePhysXCooking
LogPluginManager: Mounting plugin SignificanceManager
LogPluginManager: Mounting plugin SteamVR
LogPluginManager: Mounting plugin WebMMoviePlayer
LogPluginManager: Mounting plugin WindowsMoviePlayer
LogPluginManager: Mounting plugin ScreenshotTools
LogInit: Using libcurl 7.55.1-DEV
LogInit:  - built for x86_64-pc-win32
LogInit:  - supports SSL with OpenSSL/1.1.1
LogInit:  - supports HTTP deflate (compression) using libz 1.2.8
LogInit:  - other features:
LogInit:      CURL_VERSION_SSL
LogInit:      CURL_VERSION_LIBZ
LogInit:      CURL_VERSION_IPV6
LogInit:      CURL_VERSION_ASYNCHDNS
LogInit:      CURL_VERSION_LARGEFILE
LogInit:      CURL_VERSION_IDN
LogInit:  CurlRequestOptions (configurable via config and command line):
LogInit:  - bVerifyPeer = true  - Libcurl will verify peer certificate
LogInit:  - bUseHttpProxy = false  - Libcurl will NOT use HTTP proxy
LogInit:  - bDontReuseConnections = false  - Libcurl will reuse connections
LogInit:  - MaxHostConnections = 16  - Libcurl will limit the number of connections to a host
LogInit:  - LocalHostAddr = Default
LogInit:  - BufferSize = 65536
LogOnline: OSS: Creating online subsystem instance for: NULL
LogInit: WinSock: version 1.1 (2.2), MaxSocks=32767, MaxUdp=65467
LogOnline: OSS: TryLoadSubsystemAndSetDefault: Loaded subsystem for module [NULL]
LogInit: Build: ++UE4+Release-4.24-CL-10757647
LogInit: Engine Version: 4.24.1-10757647+++UE4+Release-4.24
LogInit: Compatible Engine Version: 4.24.0-10570792+++UE4+Release-4.24
LogInit: Net CL: 10570792
LogInit: OS: Windows 10 (Release 1903) (), CPU: Intel(R) Core(TM) i7-8750H CPU @ 2.20GHz, GPU: Intel(R) UHD Graphics 630
LogInit: Compiled (64-bit): Dec 17 2019 02:08:03
LogInit: Compiled with Visual C++: 19.16.27032.01
LogInit: Build Configuration: Development
LogInit: Branch Name: ++UE4+Release-4.24
LogInit: Command Line: 
LogInit: Base Directory: D:/Program Files (86)/EG/UE_4.24/Engine/Binaries/Win64/
LogInit: Installed Engine Build: 1
LogDevObjectVersion: Number of dev versions registered: 25
LogDevObjectVersion:   Dev-Blueprints (B0D832E4-1F89-4F0D-ACCF-7EB736FD4AA2): 10
LogDevObjectVersion:   Dev-Build (E1C64328-A22C-4D53-A36C-8E866417BD8C): 0
LogDevObjectVersion:   Dev-Core (375EC13C-06E4-48FB-B500-84F0262A717E): 3
LogDevObjectVersion:   Dev-Editor (E4B068ED-F494-42E9-A231-DA0B2E46BB41): 37
LogDevObjectVersion:   Dev-Framework (CFFC743F-43B0-4480-9391-14DF171D2073): 36
LogDevObjectVersion:   Dev-Mobile (B02B49B5-BB20-44E9-A304-32B752E40360): 2
LogDevObjectVersion:   Dev-Networking (A4E4105C-59A1-49B5-A7C5-40C4547EDFEE): 0
LogDevObjectVersion:   Dev-Online (39C831C9-5AE6-47DC-9A44-9C173E1C8E7C): 0
LogDevObjectVersion:   Dev-Physics (78F01B33-EBEA-4F98-B9B4-84EACCB95AA2): 2
LogDevObjectVersion:   Dev-Platform (6631380F-2D4D-43E0-8009-CF276956A95A): 0
LogDevObjectVersion:   Dev-Rendering (12F88B9F-8875-4AFC-A67C-D90C383ABD29): 36
LogDevObjectVersion:   Dev-Sequencer (7B5AE74C-D270-4C10-A958-57980B212A5A): 11
LogDevObjectVersion:   Dev-VR (D7296918-1DD6-4BDD-9DE2-64A83CC13884): 2
LogDevObjectVersion:   Dev-LoadTimes (C2A15278-BFE7-4AFE-6C17-90FF531DF755): 1
LogDevObjectVersion:   Private-Geometry (6EACA3D4-40EC-4CC1-B786-8BED09428FC5): 3
LogDevObjectVersion:   Dev-AnimPhys (29E575DD-E0A3-4627-9D10-D276232CDCEA): 17
LogDevObjectVersion:   Dev-Anim (AF43A65D-7FD3-4947-9873-3E8ED9C1BB05): 2
LogDevObjectVersion:   Dev-ReflectionCapture (6B266CEC-1EC7-4B8F-A30B-E4D90942FC07): 1
LogDevObjectVersion:   Dev-Automation (0DF73D61-A23F-47EA-B727-89E90C41499A): 1
LogDevObjectVersion:   FortniteMain (601D1886-AC64-4F84-AA16-D3DE0DEAC7D6): 31
LogDevObjectVersion:   Dev-Enterprise (9DFFBCD6-494F-0158-E221-12823C92A888): 8
LogDevObjectVersion:   Dev-Niagara (F2AED0AC-9AFE-416F-8664-AA7FFA26D6FC): 1
LogDevObjectVersion:   Dev-Destruction (174F1F0B-B4C6-45A5-B13F-2EE8D0FB917D): 9
LogDevObjectVersion:   Dev-Physics-Ext (35F94A83-E258-406C-A318-09F59610247C): 8
LogDevObjectVersion:   Dev-CineCamera (B2E18506-4273-CFC2-A54E-F4BB758BBA07): 1
LogInit: Presizing for max 25165824 objects, including 0 objects not considered by GC, pre-allocating 0 bytes for permanent pool.
LogInit: Object subsystem initialized
LogConfig: Setting CVar [[con.DebugEarlyDefault:1]]
LogConfig: Setting CVar [[r.setres:1280x720]]
[2020.01.13-19.27.18:244][  0]LogConfig: Setting CVar [[r.VSync:0]]
[2020.01.13-19.27.18:244][  0]LogConfig: Setting CVar [[r.RHICmdBypass:0]]
[2020.01.13-19.27.18:244][  0]LogConfig: Applying CVar settings from Section [/Script/Engine.RendererSettings] File [D:/Users/geyoz/Documents/GitHub/UnrealProjects/ShittyGame1/Saved/Config/Windows/Engine.ini]
[2020.01.13-19.27.18:244][  0]LogConfig: Setting CVar [[r.GPUCrashDebugging:0]]
[2020.01.13-19.27.18:244][  0]LogConfig: Applying CVar settings from Section [/Script/Engine.RendererOverrideSettings] File [D:/Users/geyoz/Documents/GitHub/UnrealProjects/ShittyGame1/Saved/Config/Windows/Engine.ini]
[2020.01.13-19.27.18:244][  0]LogConfig: Applying CVar settings from Section [/Script/Engine.StreamingSettings] File [D:/Users/geyoz/Documents/GitHub/UnrealProjects/ShittyGame1/Saved/Config/Windows/Engine.ini]
[2020.01.13-19.27.18:244][  0]LogConfig: Setting CVar [[s.MinBulkDataSizeForAsyncLoading:131072]]
[2020.01.13-19.27.18:244][  0]LogConfig: Setting CVar [[s.AsyncLoadingThreadEnabled:0]]
[2020.01.13-19.27.18:244][  0]LogConfig: Setting CVar [[s.EventDrivenLoaderEnabled:1]]
[2020.01.13-19.27.18:244][  0]LogConfig: Setting CVar [[s.WarnIfTimeLimitExceeded:0]]
[2020.01.13-19.27.18:244][  0]LogConfig: Setting CVar [[s.TimeLimitExceededMultiplier:1.5]]
[2020.01.13-19.27.18:244][  0]LogConfig: Setting CVar [[s.TimeLimitExceededMinTime:0.005]]
[2020.01.13-19.27.18:244][  0]LogConfig: Setting CVar [[s.UseBackgroundLevelStreaming:1]]
[2020.01.13-19.27.18:244][  0]LogConfig: Setting CVar [[s.PriorityAsyncLoadingExtraTime:15.0]]
[2020.01.13-19.27.18:244][  0]LogConfig: Setting CVar [[s.LevelStreamingActorsUpdateTimeLimit:5.0]]
[2020.01.13-19.27.18:244][  0]LogConfig: Setting CVar [[s.PriorityLevelStreamingActorsUpdateExtraTime:5.0]]
[2020.01.13-19.27.18:244][  0]LogConfig: Setting CVar [[s.LevelStreamingComponentsRegistrationGranularity:10]]
[2020.01.13-19.27.18:244][  0]LogConfig: Setting CVar [[s.UnregisterComponentsTimeLimit:1.0]]
[2020.01.13-19.27.18:244][  0]LogConfig: Setting CVar [[s.LevelStreamingComponentsUnregistrationGranularity:5]]
[2020.01.13-19.27.18:244][  0]LogConfig: Setting CVar [[s.FlushStreamingOnExit:1]]
[2020.01.13-19.27.18:245][  0]LogConfig: Applying CVar settings from Section [/Script/Engine.GarbageCollectionSettings] File [D:/Users/geyoz/Documents/GitHub/UnrealProjects/ShittyGame1/Saved/Config/Windows/Engine.ini]
[2020.01.13-19.27.18:245][  0]LogConfig: Setting CVar [[gc.MaxObjectsNotConsideredByGC:1]]
[2020.01.13-19.27.18:245][  0]LogConfig: Setting CVar [[gc.SizeOfPermanentObjectPool:0]]
[2020.01.13-19.27.18:245][  0]LogConfig: Setting CVar [[gc.FlushStreamingOnGC:0]]
[2020.01.13-19.27.18:245][  0]LogConfig: Setting CVar [[gc.NumRetriesBeforeForcingGC:10]]
[2020.01.13-19.27.18:245][  0]LogConfig: Setting CVar [[gc.AllowParallelGC:1]]
[2020.01.13-19.27.18:245][  0]LogConfig: Setting CVar [[gc.TimeBetweenPurgingPendingKillObjects:61.1]]
[2020.01.13-19.27.18:245][  0]LogConfig: Setting CVar [[gc.MaxObjectsInEditor:25165824]]
[2020.01.13-19.27.18:245][  0]LogConfig: Setting CVar [[gc.IncrementalBeginDestroyEnabled:1]]
[2020.01.13-19.27.18:245][  0]LogConfig: Setting CVar [[gc.CreateGCClusters:1]]
[2020.01.13-19.27.18:245][  0]LogConfig: Setting CVar [[gc.MinGCClusterSize:5]]
[2020.01.13-19.27.18:245][  0]LogConfig: Setting CVar [[gc.ActorClusteringEnabled:0]]
[2020.01.13-19.27.18:245][  0]LogConfig: Setting CVar [[gc.BlueprintClusteringEnabled:0]]
[2020.01.13-19.27.18:245][  0]LogConfig: Setting CVar [[gc.UseDisregardForGCOnDedicatedServers:0]]
[2020.01.13-19.27.18:245][  0]LogConfig: Applying CVar settings from Section [/Script/Engine.NetworkSettings] File [D:/Users/geyoz/Documents/GitHub/UnrealProjects/ShittyGame1/Saved/Config/Windows/Engine.ini]
[2020.01.13-19.27.18:245][  0]LogConfig: Applying CVar settings from Section [/Script/UnrealEd.CookerSettings] File [D:/Users/geyoz/Documents/GitHub/UnrealProjects/ShittyGame1/Saved/Config/Windows/Engine.ini]
[2020.01.13-19.27.18:247][  0]LogConfig: Applying CVar settings from Section [ViewDistanceQuality@3] File [D:/Users/geyoz/Documents/GitHub/UnrealProjects/ShittyGame1/Saved/Config/Windows/Scalability.ini]
[2020.01.13-19.27.18:247][  0]LogConfig: Setting CVar [[r.SkeletalMeshLODBias:0]]
[2020.01.13-19.27.18:247][  0]LogConfig: Setting CVar [[r.ViewDistanceScale:1.0]]
[2020.01.13-19.27.18:247][  0]LogConfig: Applying CVar settings from Section [AntiAliasingQuality@3] File [D:/Users/geyoz/Documents/GitHub/UnrealProjects/ShittyGame1/Saved/Config/Windows/Scalability.ini]
[2020.01.13-19.27.18:247][  0]LogConfig: Setting CVar [[r.PostProcessAAQuality:4]]
[2020.01.13-19.27.18:247][  0]LogConfig: Applying CVar settings from Section [ShadowQuality@3] File [D:/Users/geyoz/Documents/GitHub/UnrealProjects/ShittyGame1/Saved/Config/Windows/Scalability.ini]
[2020.01.13-19.27.18:247][  0]LogConfig: Setting CVar [[r.LightFunctionQuality:1]]
[2020.01.13-19.27.18:247][  0]LogConfig: Setting CVar [[r.ShadowQuality:5]]
[2020.01.13-19.27.18:247][  0]LogConfig: Setting CVar [[r.Shadow.CSM.MaxCascades:10]]
[2020.01.13-19.27.18:247][  0]LogConfig: Setting CVar [[r.Shadow.MaxResolution:2048]]
[2020.01.13-19.27.18:247][  0]LogConfig: Setting CVar [[r.Shadow.MaxCSMResolution:2048]]
[2020.01.13-19.27.18:248][  0]LogConfig: Setting CVar [[r.Shadow.RadiusThreshold:0.01]]
[2020.01.13-19.27.18:248][  0]LogConfig: Setting CVar [[r.Shadow.DistanceScale:1.0]]
[2020.01.13-19.27.18:248][  0]LogConfig: Setting CVar [[r.Shadow.CSM.TransitionScale:1.0]]
[2020.01.13-19.27.18:248][  0]LogConfig: Setting CVar [[r.Shadow.PreShadowResolutionFactor:1.0]]
[2020.01.13-19.27.18:248][  0]LogConfig: Setting CVar [[r.DistanceFieldShadowing:1]]
[2020.01.13-19.27.18:248][  0]LogConfig: Setting CVar [[r.DistanceFieldAO:1]]
[2020.01.13-19.27.18:248][  0]LogConfig: Setting CVar [[r.AOQuality:2]]
[2020.01.13-19.27.18:248][  0]LogConfig: Setting CVar [[r.VolumetricFog:1]]
[2020.01.13-19.27.18:248][  0]LogConfig: Setting CVar [[r.VolumetricFog.GridPixelSize:8]]
[2020.01.13-19.27.18:248][  0]LogConfig: Setting CVar [[r.VolumetricFog.GridSizeZ:128]]
[2020.01.13-19.27.18:248][  0]LogConfig: Setting CVar [[r.VolumetricFog.HistoryMissSupersampleCount:4]]
[2020.01.13-19.27.18:248][  0]LogConfig: Setting CVar [[r.LightMaxDrawDistanceScale:1]]
[2020.01.13-19.27.18:248][  0]LogConfig: Setting CVar [[r.CapsuleShadows:1]]
[2020.01.13-19.27.18:248][  0]LogConfig: Applying CVar settings from Section [PostProcessQuality@3] File [D:/Users/geyoz/Documents/GitHub/UnrealProjects/ShittyGame1/Saved/Config/Windows/Scalability.ini]
[2020.01.13-19.27.18:248][  0]LogConfig: Setting CVar [[r.MotionBlurQuality:4]]
[2020.01.13-19.27.18:248][  0]LogConfig: Setting CVar [[r.AmbientOcclusionMipLevelFactor:0.4]]
[2020.01.13-19.27.18:248][  0]LogConfig: Setting CVar [[r.AmbientOcclusionMaxQuality:100]]
[2020.01.13-19.27.18:248][  0]LogConfig: Setting CVar [[r.AmbientOcclusionLevels:-1]]
[2020.01.13-19.27.18:248][  0]LogConfig: Setting CVar [[r.AmbientOcclusionRadiusScale:1.0]]
[2020.01.13-19.27.18:248][  0]LogConfig: Setting CVar [[r.DepthOfFieldQuality:2]]
[2020.01.13-19.27.18:248][  0]LogConfig: Setting CVar [[r.RenderTargetPoolMin:400]]
[2020.01.13-19.27.18:248][  0]LogConfig: Setting CVar [[r.LensFlareQuality:2]]
[2020.01.13-19.27.18:248][  0]LogConfig: Setting CVar [[r.SceneColorFringeQuality:1]]
[2020.01.13-19.27.18:248][  0]LogConfig: Setting CVar [[r.EyeAdaptationQuality:2]]
[2020.01.13-19.27.18:248][  0]LogConfig: Setting CVar [[r.BloomQuality:5]]
[2020.01.13-19.27.18:248][  0]LogConfig: Setting CVar [[r.FastBlurThreshold:100]]
[2020.01.13-19.27.18:248][  0]LogConfig: Setting CVar [[r.Upscale.Quality:3]]
[2020.01.13-19.27.18:248][  0]LogConfig: Setting CVar [[r.Tonemapper.GrainQuantization:1]]
[2020.01.13-19.27.18:248][  0]LogConfig: Setting CVar [[r.LightShaftQuality:1]]
[2020.01.13-19.27.18:248][  0]LogConfig: Setting CVar [[r.Filter.SizeScale:1]]
[2020.01.13-19.27.18:248][  0]LogConfig: Setting CVar [[r.Tonemapper.Quality:5]]
[2020.01.13-19.27.18:248][  0]LogConfig: Setting CVar [[r.DOF.Gather.AccumulatorQuality:1        ; higher gathering accumulator quality]]
[2020.01.13-19.27.18:248][  0]LogConfig: Setting CVar [[r.DOF.Gather.PostfilterMethod:1          ; Median3x3 postfilering method]]
[2020.01.13-19.27.18:248][  0]LogConfig: Setting CVar [[r.DOF.Gather.EnableBokehSettings:0       ; no bokeh simulation when gathering]]
[2020.01.13-19.27.18:248][  0]LogConfig: Setting CVar [[r.DOF.Gather.RingCount:4                 ; medium number of samples when gathering]]
[2020.01.13-19.27.18:248][  0]LogConfig: Setting CVar [[r.DOF.Scatter.ForegroundCompositing:1    ; additive foreground scattering]]
[2020.01.13-19.27.18:248][  0]LogConfig: Setting CVar [[r.DOF.Scatter.BackgroundCompositing:2    ; additive background scattering]]
[2020.01.13-19.27.18:248][  0]LogConfig: Setting CVar [[r.DOF.Scatter.EnableBokehSettings:1      ; bokeh simulation when scattering]]
[2020.01.13-19.27.18:248][  0]LogConfig: Setting CVar [[r.DOF.Scatter.MaxSpriteRatio:0.1         ; only a maximum of 10% of scattered bokeh]]
[2020.01.13-19.27.18:248][  0]LogConfig: Setting CVar [[r.DOF.Recombine.Quality:1                ; cheap slight out of focus]]
[2020.01.13-19.27.18:248][  0]LogConfig: Setting CVar [[r.DOF.Recombine.EnableBokehSettings:0    ; no bokeh simulation on slight out of focus]]
[2020.01.13-19.27.18:249][  0]LogConfig: Setting CVar [[r.DOF.TemporalAAQuality:1                ; more stable temporal accumulation]]
[2020.01.13-19.27.18:249][  0]LogConfig: Setting CVar [[r.DOF.Kernel.MaxForegroundRadius:0.025]]
[2020.01.13-19.27.18:249][  0]LogConfig: Setting CVar [[r.DOF.Kernel.MaxBackgroundRadius:0.025]]
[2020.01.13-19.27.18:249][  0]LogConfig: Applying CVar settings from Section [TextureQuality@3] File [D:/Users/geyoz/Documents/GitHub/UnrealProjects/ShittyGame1/Saved/Config/Windows/Scalability.ini]
[2020.01.13-19.27.18:249][  0]LogConfig: Setting CVar [[r.Streaming.MipBias:0]]
[2020.01.13-19.27.18:249][  0]LogConfig: Setting CVar [[r.Streaming.AmortizeCPUToGPUCopy:0]]
[2020.01.13-19.27.18:249][  0]LogConfig: Setting CVar [[r.Streaming.MaxNumTexturesToStreamPerFrame:0]]
[2020.01.13-19.27.18:249][  0]LogConfig: Setting CVar [[r.Streaming.Boost:1]]
[2020.01.13-19.27.18:249][  0]LogConfig: Setting CVar [[r.MaxAnisotropy:8]]
[2020.01.13-19.27.18:249][  0]LogConfig: Setting CVar [[r.VT.MaxAnisotropy:8]]
[2020.01.13-19.27.18:249][  0]LogConfig: Setting CVar [[r.Streaming.LimitPoolSizeToVRAM:0]]
[2020.01.13-19.27.18:249][  0]LogConfig: Setting CVar [[r.Streaming.PoolSize:1000]]
[2020.01.13-19.27.18:249][  0]LogConfig: Setting CVar [[r.Streaming.MaxEffectiveScreenSize:0]]
[2020.01.13-19.27.18:249][  0]LogConfig: Applying CVar settings from Section [EffectsQuality@3] File [D:/Users/geyoz/Documents/GitHub/UnrealProjects/ShittyGame1/Saved/Config/Windows/Scalability.ini]
[2020.01.13-19.27.18:249][  0]LogConfig: Setting CVar [[r.TranslucencyLightingVolumeDim:64]]
[2020.01.13-19.27.18:249][  0]LogConfig: Setting CVar [[r.RefractionQuality:2]]
[2020.01.13-19.27.18:249][  0]LogConfig: Setting CVar [[r.SSR.Quality:3]]
[2020.01.13-19.27.18:249][  0]LogConfig: Setting CVar [[r.SSR.HalfResSceneColor:0]]
[2020.01.13-19.27.18:249][  0]LogConfig: Setting CVar [[r.SceneColorFormat:4]]
[2020.01.13-19.27.18:249][  0]LogConfig: Setting CVar [[r.DetailMode:2]]
[2020.01.13-19.27.18:249][  0]LogConfig: Setting CVar [[r.TranslucencyVolumeBlur:1]]
[2020.01.13-19.27.18:249][  0]LogConfig: Setting CVar [[r.MaterialQualityLevel:1 ; High quality]]
[2020.01.13-19.27.18:249][  0]LogConfig: Setting CVar [[r.SSS.Scale:1]]
[2020.01.13-19.27.18:249][  0]LogConfig: Setting CVar [[r.SSS.SampleSet:2]]
[2020.01.13-19.27.18:249][  0]LogConfig: Setting CVar [[r.SSS.Quality:1]]
[2020.01.13-19.27.18:249][  0]LogConfig: Setting CVar [[r.SSS.HalfRes:1]]
[2020.01.13-19.27.18:249][  0]LogConfig: Setting CVar [[r.SSGI.Quality:3]]
[2020.01.13-19.27.18:249][  0]LogConfig: Setting CVar [[r.EmitterSpawnRateScale:1.0]]
[2020.01.13-19.27.18:249][  0]LogConfig: Setting CVar [[r.ParticleLightQuality:2]]
[2020.01.13-19.27.18:249][  0]LogConfig: Setting CVar [[r.SkyAtmosphere.AerialPerspectiveLUT.FastApplyOnOpaque:1 ; Always have FastSkyLUT 1 in this case to avoid wrong sky]]
[2020.01.13-19.27.18:249][  0]LogConfig: Setting CVar [[r.SkyAtmosphere.AerialPerspectiveLUT.SampleCountPerSlice:1]]
[2020.01.13-19.27.18:249][  0]LogConfig: Setting CVar [[r.SkyAtmosphere.AerialPerspectiveLUT.DepthResolution:16.0]]
[2020.01.13-19.27.18:249][  0]LogConfig: Setting CVar [[r.SkyAtmosphere.FastSkyLUT:1]]
[2020.01.13-19.27.18:249][  0]LogConfig: Setting CVar [[r.SkyAtmosphere.FastSkyLUT.SampleCountMin:4.0]]
[2020.01.13-19.27.18:249][  0]LogConfig: Setting CVar [[r.SkyAtmosphere.FastSkyLUT.SampleCountMax:32.0]]
[2020.01.13-19.27.18:249][  0]LogConfig: Setting CVar [[r.SkyAtmosphere.SampleCountMin:4.0]]
[2020.01.13-19.27.18:249][  0]LogConfig: Setting CVar [[r.SkyAtmosphere.SampleCountMax:32.0]]
[2020.01.13-19.27.18:249][  0]LogConfig: Setting CVar [[r.SkyAtmosphere.TransmittanceLUT.UseSmallFormat:0]]
[2020.01.13-19.27.18:249][  0]LogConfig: Setting CVar [[r.SkyAtmosphere.TransmittanceLUT.SampleCount:10.0]]
[2020.01.13-19.27.18:249][  0]LogConfig: Setting CVar [[r.SkyAtmosphere.MultiScatteringLUT.SampleCount:15.0]]
[2020.01.13-19.27.18:249][  0]LogConfig: Applying CVar settings from Section [FoliageQuality@3] File [D:/Users/geyoz/Documents/GitHub/UnrealProjects/ShittyGame1/Saved/Config/Windows/Scalability.ini]
[2020.01.13-19.27.18:249][  0]LogConfig: Setting CVar [[foliage.DensityScale:1.0]]
[2020.01.13-19.27.18:249][  0]LogConfig: Setting CVar [[grass.DensityScale:1.0]]
[2020.01.13-19.27.18:249][  0]LogConfig: Applying CVar settings from Section [ShadingQuality@3] File [D:/Users/geyoz/Documents/GitHub/UnrealProjects/ShittyGame1/Saved/Config/Windows/Scalability.ini]
[2020.01.13-19.27.18:249][  0]LogConfig: Setting CVar [[r.HairStrands.SkyLighting.SampleCount:16]]
[2020.01.13-19.27.18:249][  0]LogConfig: Setting CVar [[r.HairStrands.SkyLighting.JitterIntegration:0]]
[2020.01.13-19.27.18:249][  0]LogConfig: Setting CVar [[r.HairStrands.SkyAO.SampleCount:16]]
[2020.01.13-19.27.18:249][  0]LogInit: Selected Device Profile: [Windows]
[2020.01.13-19.27.18:249][  0]LogInit: Applying CVar settings loaded from the selected device profile: [Windows]
[2020.01.13-19.27.18:252][  0]LogHAL: Display: Platform has ~ 16 GB [17023631360 / 17179869184 / 16], which maps to Larger [LargestMinGB=32, LargerMinGB=12, DefaultMinGB=8, SmallerMinGB=6, SmallestMinGB=0)
[2020.01.13-19.27.18:252][  0]LogInit: Going up to parent DeviceProfile []
[2020.01.13-19.27.18:252][  0]LogConfig: Applying CVar settings from Section [ViewDistanceQuality@3] File [D:/Users/geyoz/Documents/GitHub/UnrealProjects/ShittyGame1/Saved/Config/Windows/Scalability.ini]
[2020.01.13-19.27.18:252][  0]LogConfig: Setting CVar [[r.SkeletalMeshLODBias:0]]
[2020.01.13-19.27.18:252][  0]LogConfig: Setting CVar [[r.ViewDistanceScale:1.0]]
[2020.01.13-19.27.18:252][  0]LogConfig: Applying CVar settings from Section [AntiAliasingQuality@3] File [D:/Users/geyoz/Documents/GitHub/UnrealProjects/ShittyGame1/Saved/Config/Windows/Scalability.ini]
[2020.01.13-19.27.18:252][  0]LogConfig: Setting CVar [[r.PostProcessAAQuality:4]]
[2020.01.13-19.27.18:252][  0]LogConfig: Applying CVar settings from Section [ShadowQuality@3] File [D:/Users/geyoz/Documents/GitHub/UnrealProjects/ShittyGame1/Saved/Config/Windows/Scalability.ini]
[2020.01.13-19.27.18:252][  0]LogConfig: Setting CVar [[r.LightFunctionQuality:1]]
[2020.01.13-19.27.18:252][  0]LogConfig: Setting CVar [[r.ShadowQuality:5]]
[2020.01.13-19.27.18:252][  0]LogConfig: Setting CVar [[r.Shadow.CSM.MaxCascades:10]]
[2020.01.13-19.27.18:252][  0]LogConfig: Setting CVar [[r.Shadow.MaxResolution:2048]]
[2020.01.13-19.27.18:252][  0]LogConfig: Setting CVar [[r.Shadow.MaxCSMResolution:2048]]
[2020.01.13-19.27.18:252][  0]LogConfig: Setting CVar [[r.Shadow.RadiusThreshold:0.01]]
[2020.01.13-19.27.18:252][  0]LogConfig: Setting CVar [[r.Shadow.DistanceScale:1.0]]
[2020.01.13-19.27.18:252][  0]LogConfig: Setting CVar [[r.Shadow.CSM.TransitionScale:1.0]]
[2020.01.13-19.27.18:252][  0]LogConfig: Setting CVar [[r.Shadow.PreShadowResolutionFactor:1.0]]
[2020.01.13-19.27.18:252][  0]LogConfig: Setting CVar [[r.DistanceFieldShadowing:1]]
[2020.01.13-19.27.18:252][  0]LogConfig: Setting CVar [[r.DistanceFieldAO:1]]
[2020.01.13-19.27.18:252][  0]LogConfig: Setting CVar [[r.AOQuality:2]]
[2020.01.13-19.27.18:252][  0]LogConfig: Setting CVar [[r.VolumetricFog:1]]
[2020.01.13-19.27.18:252][  0]LogConfig: Setting CVar [[r.VolumetricFog.GridPixelSize:8]]
[2020.01.13-19.27.18:252][  0]LogConfig: Setting CVar [[r.VolumetricFog.GridSizeZ:128]]
[2020.01.13-19.27.18:252][  0]LogConfig: Setting CVar [[r.VolumetricFog.HistoryMissSupersampleCount:4]]
[2020.01.13-19.27.18:252][  0]LogConfig: Setting CVar [[r.LightMaxDrawDistanceScale:1]]
[2020.01.13-19.27.18:253][  0]LogConfig: Setting CVar [[r.CapsuleShadows:1]]
[2020.01.13-19.27.18:253][  0]LogConfig: Applying CVar settings from Section [PostProcessQuality@3] File [D:/Users/geyoz/Documents/GitHub/UnrealProjects/ShittyGame1/Saved/Config/Windows/Scalability.ini]
[2020.01.13-19.27.18:253][  0]LogConfig: Setting CVar [[r.MotionBlurQuality:4]]
[2020.01.13-19.27.18:253][  0]LogConfig: Setting CVar [[r.AmbientOcclusionMipLevelFactor:0.4]]
[2020.01.13-19.27.18:253][  0]LogConfig: Setting CVar [[r.AmbientOcclusionMaxQuality:100]]
[2020.01.13-19.27.18:253][  0]LogConfig: Setting CVar [[r.AmbientOcclusionLevels:-1]]
[2020.01.13-19.27.18:253][  0]LogConfig: Setting CVar [[r.AmbientOcclusionRadiusScale:1.0]]
[2020.01.13-19.27.18:253][  0]LogConfig: Setting CVar [[r.DepthOfFieldQuality:2]]
[2020.01.13-19.27.18:253][  0]LogConfig: Setting CVar [[r.RenderTargetPoolMin:400]]
[2020.01.13-19.27.18:253][  0]LogConfig: Setting CVar [[r.LensFlareQuality:2]]
[2020.01.13-19.27.18:253][  0]LogConfig: Setting CVar [[r.SceneColorFringeQuality:1]]
[2020.01.13-19.27.18:253][  0]LogConfig: Setting CVar [[r.EyeAdaptationQuality:2]]
[2020.01.13-19.27.18:253][  0]LogConfig: Setting CVar [[r.BloomQuality:5]]
[2020.01.13-19.27.18:253][  0]LogConfig: Setting CVar [[r.FastBlurThreshold:100]]
[2020.01.13-19.27.18:253][  0]LogConfig: Setting CVar [[r.Upscale.Quality:3]]
[2020.01.13-19.27.18:253][  0]LogConfig: Setting CVar [[r.Tonemapper.GrainQuantization:1]]
[2020.01.13-19.27.18:253][  0]LogConfig: Setting CVar [[r.LightShaftQuality:1]]
[2020.01.13-19.27.18:253][  0]LogConfig: Setting CVar [[r.Filter.SizeScale:1]]
[2020.01.13-19.27.18:253][  0]LogConfig: Setting CVar [[r.Tonemapper.Quality:5]]
[2020.01.13-19.27.18:253][  0]LogConfig: Setting CVar [[r.DOF.Gather.AccumulatorQuality:1        ; higher gathering accumulator quality]]
[2020.01.13-19.27.18:253][  0]LogConfig: Setting CVar [[r.DOF.Gather.PostfilterMethod:1          ; Median3x3 postfilering method]]
[2020.01.13-19.27.18:253][  0]LogConfig: Setting CVar [[r.DOF.Gather.EnableBokehSettings:0       ; no bokeh simulation when gathering]]
[2020.01.13-19.27.18:253][  0]LogConfig: Setting CVar [[r.DOF.Gather.RingCount:4                 ; medium number of samples when gathering]]
[2020.01.13-19.27.18:253][  0]LogConfig: Setting CVar [[r.DOF.Scatter.ForegroundCompositing:1    ; additive foreground scattering]]
[2020.01.13-19.27.18:253][  0]LogConfig: Setting CVar [[r.DOF.Scatter.BackgroundCompositing:2    ; additive background scattering]]
[2020.01.13-19.27.18:253][  0]LogConfig: Setting CVar [[r.DOF.Scatter.EnableBokehSettings:1      ; bokeh simulation when scattering]]
[2020.01.13-19.27.18:253][  0]LogConfig: Setting CVar [[r.DOF.Scatter.MaxSpriteRatio:0.1         ; only a maximum of 10% of scattered bokeh]]
[2020.01.13-19.27.18:253][  0]LogConfig: Setting CVar [[r.DOF.Recombine.Quality:1                ; cheap slight out of focus]]
[2020.01.13-19.27.18:253][  0]LogConfig: Setting CVar [[r.DOF.Recombine.EnableBokehSettings:0    ; no bokeh simulation on slight out of focus]]
[2020.01.13-19.27.18:253][  0]LogConfig: Setting CVar [[r.DOF.TemporalAAQuality:1                ; more stable temporal accumulation]]
[2020.01.13-19.27.18:253][  0]LogConfig: Setting CVar [[r.DOF.Kernel.MaxForegroundRadius:0.025]]
[2020.01.13-19.27.18:253][  0]LogConfig: Setting CVar [[r.DOF.Kernel.MaxBackgroundRadius:0.025]]
[2020.01.13-19.27.18:253][  0]LogConfig: Applying CVar settings from Section [TextureQuality@3] File [D:/Users/geyoz/Documents/GitHub/UnrealProjects/ShittyGame1/Saved/Config/Windows/Scalability.ini]
[2020.01.13-19.27.18:253][  0]LogConfig: Setting CVar [[r.Streaming.MipBias:0]]
[2020.01.13-19.27.18:253][  0]LogConfig: Setting CVar [[r.Streaming.AmortizeCPUToGPUCopy:0]]
[2020.01.13-19.27.18:253][  0]LogConfig: Setting CVar [[r.Streaming.MaxNumTexturesToStreamPerFrame:0]]
[2020.01.13-19.27.18:253][  0]LogConfig: Setting CVar [[r.Streaming.Boost:1]]
[2020.01.13-19.27.18:253][  0]LogConfig: Setting CVar [[r.MaxAnisotropy:8]]
[2020.01.13-19.27.18:253][  0]LogConfig: Setting CVar [[r.VT.MaxAnisotropy:8]]
[2020.01.13-19.27.18:253][  0]LogConfig: Setting CVar [[r.Streaming.LimitPoolSizeToVRAM:0]]
[2020.01.13-19.27.18:253][  0]LogConfig: Setting CVar [[r.Streaming.PoolSize:1000]]
[2020.01.13-19.27.18:253][  0]LogConfig: Setting CVar [[r.Streaming.MaxEffectiveScreenSize:0]]
[2020.01.13-19.27.18:253][  0]LogConfig: Applying CVar settings from Section [EffectsQuality@3] File [D:/Users/geyoz/Documents/GitHub/UnrealProjects/ShittyGame1/Saved/Config/Windows/Scalability.ini]
[2020.01.13-19.27.18:253][  0]LogConfig: Setting CVar [[r.TranslucencyLightingVolumeDim:64]]
[2020.01.13-19.27.18:253][  0]LogConfig: Setting CVar [[r.RefractionQuality:2]]
[2020.01.13-19.27.18:253][  0]LogConfig: Setting CVar [[r.SSR.Quality:3]]
[2020.01.13-19.27.18:253][  0]LogConfig: Setting CVar [[r.SSR.HalfResSceneColor:0]]
[2020.01.13-19.27.18:253][  0]LogConfig: Setting CVar [[r.SceneColorFormat:4]]
[2020.01.13-19.27.18:253][  0]LogConfig: Setting CVar [[r.DetailMode:2]]
[2020.01.13-19.27.18:253][  0]LogConfig: Setting CVar [[r.TranslucencyVolumeBlur:1]]
[2020.01.13-19.27.18:253][  0]LogConfig: Setting CVar [[r.MaterialQualityLevel:1 ; High quality]]
[2020.01.13-19.27.18:253][  0]LogConfig: Setting CVar [[r.SSS.Scale:1]]
[2020.01.13-19.27.18:253][  0]LogConfig: Setting CVar [[r.SSS.SampleSet:2]]
[2020.01.13-19.27.18:253][  0]LogConfig: Setting CVar [[r.SSS.Quality:1]]
[2020.01.13-19.27.18:253][  0]LogConfig: Setting CVar [[r.SSS.HalfRes:1]]
[2020.01.13-19.27.18:253][  0]LogConfig: Setting CVar [[r.SSGI.Quality:3]]
[2020.01.13-19.27.18:253][  0]LogConfig: Setting CVar [[r.EmitterSpawnRateScale:1.0]]
[2020.01.13-19.27.18:253][  0]LogConfig: Setting CVar [[r.ParticleLightQuality:2]]
[2020.01.13-19.27.18:253][  0]LogConfig: Setting CVar [[r.SkyAtmosphere.AerialPerspectiveLUT.FastApplyOnOpaque:1 ; Always have FastSkyLUT 1 in this case to avoid wrong sky]]
[2020.01.13-19.27.18:253][  0]LogConfig: Setting CVar [[r.SkyAtmosphere.AerialPerspectiveLUT.SampleCountPerSlice:1]]
[2020.01.13-19.27.18:253][  0]LogConfig: Setting CVar [[r.SkyAtmosphere.AerialPerspectiveLUT.DepthResolution:16.0]]
[2020.01.13-19.27.18:253][  0]LogConfig: Setting CVar [[r.SkyAtmosphere.FastSkyLUT:1]]
[2020.01.13-19.27.18:253][  0]LogConfig: Setting CVar [[r.SkyAtmosphere.FastSkyLUT.SampleCountMin:4.0]]
[2020.01.13-19.27.18:253][  0]LogConfig: Setting CVar [[r.SkyAtmosphere.FastSkyLUT.SampleCountMax:32.0]]
[2020.01.13-19.27.18:253][  0]LogConfig: Setting CVar [[r.SkyAtmosphere.SampleCountMin:4.0]]
[2020.01.13-19.27.18:253][  0]LogConfig: Setting CVar [[r.SkyAtmosphere.SampleCountMax:32.0]]
[2020.01.13-19.27.18:253][  0]LogConfig: Setting CVar [[r.SkyAtmosphere.TransmittanceLUT.UseSmallFormat:0]]
[2020.01.13-19.27.18:254][  0]LogConfig: Setting CVar [[r.SkyAtmosphere.TransmittanceLUT.SampleCount:10.0]]
[2020.01.13-19.27.18:254][  0]LogConfig: Setting CVar [[r.SkyAtmosphere.MultiScatteringLUT.SampleCount:15.0]]
[2020.01.13-19.27.18:254][  0]LogConfig: Applying CVar settings from Section [FoliageQuality@3] File [D:/Users/geyoz/Documents/GitHub/UnrealProjects/ShittyGame1/Saved/Config/Windows/Scalability.ini]
[2020.01.13-19.27.18:254][  0]LogConfig: Setting CVar [[foliage.DensityScale:1.0]]
[2020.01.13-19.27.18:254][  0]LogConfig: Setting CVar [[grass.DensityScale:1.0]]
[2020.01.13-19.27.18:254][  0]LogConfig: Applying CVar settings from Section [ShadingQuality@3] File [D:/Users/geyoz/Documents/GitHub/UnrealProjects/ShittyGame1/Saved/Config/Windows/Scalability.ini]
[2020.01.13-19.27.18:254][  0]LogConfig: Setting CVar [[r.HairStrands.SkyLighting.SampleCount:16]]
[2020.01.13-19.27.18:254][  0]LogConfig: Setting CVar [[r.HairStrands.SkyLighting.JitterIntegration:0]]
[2020.01.13-19.27.18:254][  0]LogConfig: Setting CVar [[r.HairStrands.SkyAO.SampleCount:16]]
[2020.01.13-19.27.18:254][  0]LogConfig: Applying CVar settings from Section [Startup] File [../../../Engine/Config/ConsoleVariables.ini]
[2020.01.13-19.27.18:254][  0]LogConfig: Setting CVar [[net.UseAdaptiveNetUpdateFrequency:0]]
[2020.01.13-19.27.18:254][  0]LogConfig: Setting CVar [[p.chaos.AllowCreatePhysxBodies:1]]
[2020.01.13-19.27.18:254][  0]LogConfig: Applying CVar settings from Section [ConsoleVariables] File [D:/Users/geyoz/Documents/GitHub/UnrealProjects/ShittyGame1/Saved/Config/Windows/Engine.ini]
[2020.01.13-19.27.18:254][  0]LogInit: Computer: ACE
[2020.01.13-19.27.18:254][  0]LogInit: User: geyoz
[2020.01.13-19.27.18:254][  0]LogInit: CPU Page size=4096, Cores=6
[2020.01.13-19.27.18:254][  0]LogInit: High frequency timer resolution =10.000000 MHz
[2020.01.13-19.27.18:254][  0]LogMemory: Memory total: Physical=15.9GB (16GB approx)
[2020.01.13-19.27.18:254][  0]LogMemory: Platform Memory Stats for Windows
[2020.01.13-19.27.18:254][  0]LogMemory: Process Physical Memory: 106.56 MB used, 106.57 MB peak
[2020.01.13-19.27.18:254][  0]LogMemory: Process Virtual Memory: 102.28 MB used, 102.28 MB peak
[2020.01.13-19.27.18:254][  0]LogMemory: Physical Memory: 6755.97 MB used,  9479.03 MB free, 16235.00 MB total
[2020.01.13-19.27.18:254][  0]LogMemory: Virtual Memory: 5159.21 MB used,  134212568.00 MB free, 134217728.00 MB total
[2020.01.13-19.27.18:258][  0]LogWindows: WindowsPlatformFeatures enabled
[2020.01.13-19.27.18:278][  0]LogInit: Using OS detected language (en-US).
[2020.01.13-19.27.18:278][  0]LogInit: Using OS detected locale (en-US).
[2020.01.13-19.27.18:278][  0]LogTextLocalizationManager: No specific localization for 'en-US' exists, so the 'en' localization will be used.
[2020.01.13-19.27.18:462][  0]LogInit: Setting process to per monitor DPI aware
[2020.01.13-19.27.18:498][  0]LogSlate: New Slate User Created.  User Index 0, Is Virtual User: 0
[2020.01.13-19.27.18:498][  0]LogSlate: Slate User Registered.  User Index 0, Is Virtual User: 0
[2020.01.13-19.27.18:705][  0]LogHMD: Failed to initialize OpenVR with code 126
[2020.01.13-19.27.18:705][  0]LogD3D11RHI: D3D11 min allowed feature level: 11_0
[2020.01.13-19.27.18:705][  0]LogD3D11RHI: D3D11 max allowed feature level: 11_0
[2020.01.13-19.27.18:705][  0]LogD3D11RHI: D3D11 adapters:
[2020.01.13-19.27.18:787][  0]LogD3D11RHI:    0. 'NVIDIA GeForce GTX 1060' (Feature Level 11_0)
[2020.01.13-19.27.18:787][  0]LogD3D11RHI:       6052/0/8117 MB DedicatedVideo/DedicatedSystem/SharedSystem, Outputs:1, VendorId:0x10de
[2020.01.13-19.27.18:826][  0]LogD3D11RHI:    1. 'Intel(R) UHD Graphics 630' (Feature Level 11_0)
[2020.01.13-19.27.18:827][  0]LogD3D11RHI:       128/0/8117 MB DedicatedVideo/DedicatedSystem/SharedSystem, Outputs:0, VendorId:0x8086
[2020.01.13-19.27.18:830][  0]LogD3D11RHI:    2. 'Microsoft Basic Render Driver' (Feature Level 11_0)
[2020.01.13-19.27.18:830][  0]LogD3D11RHI:       0/0/8117 MB DedicatedVideo/DedicatedSystem/SharedSystem, Outputs:0, VendorId:0x1414
[2020.01.13-19.27.18:830][  0]LogD3D11RHI: Chosen D3D11 Adapter: 0
[2020.01.13-19.27.18:878][  0]LogD3D11RHI: Creating new Direct3DDevice
[2020.01.13-19.27.18:878][  0]LogD3D11RHI:     GPU DeviceId: 0x1c20 (for the marketing name, search the web for "GPU Device Id")
[2020.01.13-19.27.18:878][  0]LogWindows: EnumDisplayDevices:
[2020.01.13-19.27.18:878][  0]LogWindows:    0. 'Intel(R) UHD Graphics 630' (P:1 D:1)
[2020.01.13-19.27.18:879][  0]LogWindows:    1. 'Intel(R) UHD Graphics 630' (P:0 D:0)
[2020.01.13-19.27.18:879][  0]LogWindows:    2. 'Intel(R) UHD Graphics 630' (P:0 D:0)
[2020.01.13-19.27.18:880][  0]LogWindows:    3. 'NVIDIA GeForce GTX 1060' (P:0 D:0)
[2020.01.13-19.27.18:880][  0]LogWindows:    4. 'NVIDIA GeForce GTX 1060' (P:0 D:0)
[2020.01.13-19.27.18:880][  0]LogWindows:    5. 'NVIDIA GeForce GTX 1060' (P:0 D:0)
[2020.01.13-19.27.18:881][  0]LogWindows:    6. 'NVIDIA GeForce GTX 1060' (P:0 D:0)
[2020.01.13-19.27.18:881][  0]LogWindows: DebugString: PrimaryIsNotTheChoosenAdapter PrimaryIsNotTheChoosenAdapter PrimaryIsNotTheChoosenAdapter FoundDriverCount:4 
[2020.01.13-19.27.18:881][  0]LogD3D11RHI:     Adapter Name: NVIDIA GeForce GTX 1060
[2020.01.13-19.27.18:881][  0]LogD3D11RHI:   Driver Version: 425.46 (internal:25.21.14.2546, unified:425.46)
[2020.01.13-19.27.18:881][  0]LogD3D11RHI:      Driver Date: 4-25-2019
[2020.01.13-19.27.18:881][  0]LogRHI: Texture pool is 4236 MB (70% of 6052 MB)
[2020.01.13-19.27.18:930][  0]LogD3D11RHI: RHI has support for 64 bit atomics
[2020.01.13-19.27.18:930][  0]LogD3D11RHI: Async texture creation enabled
[2020.01.13-19.27.18:945][  0]LogD3D11RHI: GPU Timing Frequency: 1000.000000 (Debug: 2 1)
[2020.01.13-19.27.19:385][  0]LogTargetPlatformManager: Display: Loaded TargetPlatform 'AllDesktop'
[2020.01.13-19.27.19:419][  0]LogTargetPlatformManager: Display: Loaded TargetPlatform 'Android'
[2020.01.13-19.27.19:419][  0]LogTargetPlatformManager: Display: Loaded TargetPlatform 'Android_ASTC'
[2020.01.13-19.27.19:419][  0]LogTargetPlatformManager: Display: Loaded TargetPlatform 'Android_ATC'
[2020.01.13-19.27.19:419][  0]LogTargetPlatformManager: Display: Loaded TargetPlatform 'Android_DXT'
[2020.01.13-19.27.19:419][  0]LogTargetPlatformManager: Display: Loaded TargetPlatform 'Android_ETC1'
[2020.01.13-19.27.19:419][  0]LogTargetPlatformManager: Display: Loaded TargetPlatform 'Android_ETC1a'
[2020.01.13-19.27.19:419][  0]LogTargetPlatformManager: Display: Loaded TargetPlatform 'Android_ETC2'
[2020.01.13-19.27.19:420][  0]LogTargetPlatformManager: Display: Loaded TargetPlatform 'Android_PVRTC'
[2020.01.13-19.27.19:420][  0]LogTargetPlatformManager: Display: Loaded TargetPlatform 'AndroidClient'
[2020.01.13-19.27.19:420][  0]LogTargetPlatformManager: Display: Loaded TargetPlatform 'Android_ASTCClient'
[2020.01.13-19.27.19:420][  0]LogTargetPlatformManager: Display: Loaded TargetPlatform 'Android_ATCClient'
[2020.01.13-19.27.19:420][  0]LogTargetPlatformManager: Display: Loaded TargetPlatform 'Android_DXTClient'
[2020.01.13-19.27.19:420][  0]LogTargetPlatformManager: Display: Loaded TargetPlatform 'Android_ETC1Client'
[2020.01.13-19.27.19:420][  0]LogTargetPlatformManager: Display: Loaded TargetPlatform 'Android_ETC1aClient'
[2020.01.13-19.27.19:420][  0]LogTargetPlatformManager: Display: Loaded TargetPlatform 'Android_ETC2Client'
[2020.01.13-19.27.19:420][  0]LogTargetPlatformManager: Display: Loaded TargetPlatform 'Android_PVRTCClient'
[2020.01.13-19.27.19:420][  0]LogTargetPlatformManager: Display: Loaded TargetPlatform 'Android_Multi'
[2020.01.13-19.27.19:420][  0]LogTargetPlatformManager: Display: Loaded TargetPlatform 'Android_MultiClient'
[2020.01.13-19.27.19:437][  0]LogTargetPlatformManager: Display: Loaded TargetPlatform 'IOSClient'
[2020.01.13-19.27.19:437][  0]LogTargetPlatformManager: Display: Loaded TargetPlatform 'IOS'
[2020.01.13-19.27.19:444][  0]LogTargetPlatformManager: Display: Loaded TargetPlatform 'LinuxNoEditor'
[2020.01.13-19.27.19:453][  0]LogTargetPlatformManager: Display: Loaded TargetPlatform 'LinuxClient'
[2020.01.13-19.27.19:461][  0]LogTargetPlatformManager: Display: Loaded TargetPlatform 'LinuxServer'
[2020.01.13-19.27.19:468][  0]LogTargetPlatformManager: Display: Loaded TargetPlatform 'LinuxAArch64NoEditor'
[2020.01.13-19.27.19:475][  0]LogTargetPlatformManager: Display: Loaded TargetPlatform 'LinuxAArch64Client'
[2020.01.13-19.27.19:481][  0]LogTargetPlatformManager: Display: Loaded TargetPlatform 'LinuxAArch64Server'
[2020.01.13-19.27.19:505][  0]LogTargetPlatformManager: Display: Loaded TargetPlatform 'Lumin'
[2020.01.13-19.27.19:505][  0]LogTargetPlatformManager: Display: Loaded TargetPlatform 'LuminClient'
[2020.01.13-19.27.19:521][  0]LogTargetPlatformManager: Display: Loaded TargetPlatform 'TVOSClient'
[2020.01.13-19.27.19:521][  0]LogTargetPlatformManager: Display: Loaded TargetPlatform 'TVOS'
[2020.01.13-19.27.19:528][  0]LogTargetPlatformManager: Display: Loaded TargetPlatform 'WindowsNoEditor'
[2020.01.13-19.27.19:537][  0]LogTargetPlatformManager: Display: Loaded TargetPlatform 'Windows'
[2020.01.13-19.27.19:543][  0]LogTargetPlatformManager: Display: Loaded TargetPlatform 'WindowsClient'
[2020.01.13-19.27.19:552][  0]LogTargetPlatformManager: Display: Loaded TargetPlatform 'WindowsServer'
[2020.01.13-19.27.19:552][  0]LogTargetPlatformManager: Display: Building Assets For Windows
[2020.01.13-19.27.19:555][  0]LogAudioDebug: Display: Lib vorbis DLL was dynamically loaded.
[2020.01.13-19.27.19:574][  0]LogShaderCompilers: Guid format shader working directory is -28 characters bigger than the processId version (../../../../../../Users/geyoz/Documents/GitHub/UnrealProjects/ShittyGame1/Intermediate/Shaders/WorkingDirectory/11308/).
[2020.01.13-19.27.19:574][  0]LogShaderCompilers: Cleaned the shader compiler working directory 'C:/Users/geyoz/AppData/Local/Temp/UnrealShaderWorkingDir/ABB73D7B475E56824D5A57BEC1EBC2F2/'.
[2020.01.13-19.27.19:575][  0]LogXGEController: Cleaning working directory: C:/Users/geyoz/AppData/Local/Temp/UnrealXGEWorkingDir/
[2020.01.13-19.27.19:575][  0]LogXGEController: Cannot use XGE Controller as Incredibuild is not installed on this machine.
[2020.01.13-19.27.19:575][  0]LogShaderCompilers: Cannot use XGE Shader Compiler as Incredibuild is not installed on this machine.
[2020.01.13-19.27.19:575][  0]LogShaderCompilers: Display: Using Local Shader Compiler.
[2020.01.13-19.27.20:273][  0]LogDerivedDataCache: Display: Max Cache Size: 512 MB
[2020.01.13-19.27.20:330][  0]LogDerivedDataCache: Loaded boot cache 0.06s 78MB C:/Users/geyoz/AppData/Local/UnrealEngine/4.24/DerivedDataCache/Boot.ddc.
[2020.01.13-19.27.20:330][  0]LogDerivedDataCache: Display: Loaded Boot cache: C:/Users/geyoz/AppData/Local/UnrealEngine/4.24/DerivedDataCache/Boot.ddc
[2020.01.13-19.27.20:330][  0]LogDerivedDataCache: FDerivedDataBackendGraph:  Pak pak cache file ../../../../../../Users/geyoz/Documents/GitHub/UnrealProjects/ShittyGame1/DerivedDataCache/DDC.ddp not found, will not use a pak cache.
[2020.01.13-19.27.20:330][  0]LogDerivedDataCache: Unable to find inner node Pak for hierarchical cache Hierarchy.
[2020.01.13-19.27.20:330][  0]LogDerivedDataCache: FDerivedDataBackendGraph:  CompressedPak pak cache file ../../../../../../Users/geyoz/Documents/GitHub/UnrealProjects/ShittyGame1/DerivedDataCache/Compressed.ddp not found, will not use a pak cache.
[2020.01.13-19.27.20:330][  0]LogDerivedDataCache: Unable to find inner node CompressedPak for hierarchical cache Hierarchy.
[2020.01.13-19.27.20:340][  0]LogDerivedDataCache: Display: Pak cache opened for reading ../../../Engine/DerivedDataCache/Compressed.ddp.
[2020.01.13-19.27.20:340][  0]LogDerivedDataCache: FDerivedDataBackendGraph:  EnterprisePak pak cache file ../../../Enterprise/DerivedDataCache/Compressed.ddp not found, will not use a pak cache.
[2020.01.13-19.27.20:340][  0]LogDerivedDataCache: Unable to find inner node EnterprisePak for hierarchical cache Hierarchy.
[2020.01.13-19.27.20:341][  0]LogDerivedDataCache: Using Local data cache path C:/Users/geyoz/AppData/Local/UnrealEngine/Common/DerivedDataCache: Writable
[2020.01.13-19.27.20:341][  0]LogDerivedDataCache: Shared data cache path not found in *engine.ini, will not use an Shared cache.
[2020.01.13-19.27.20:341][  0]LogDerivedDataCache: Unable to find inner node Shared for hierarchical cache Hierarchy.
[2020.01.13-19.27.20:363][  0]LogMaterial: Verifying Global Shaders for PCD3D_SM5
[2020.01.13-19.27.20:366][  0]LogSlate: Using FreeType 2.10.0
[2020.01.13-19.27.20:366][  0]LogSlate: SlateFontServices - WITH_FREETYPE: 1, WITH_HARFBUZZ: 1
[2020.01.13-19.27.20:406][  0]LogAssetRegistry: FAssetRegistry took 0.0020 seconds to start up
[2020.01.13-19.27.20:695][  0]LogInit: Selected Device Profile: [Windows]
[2020.01.13-19.27.20:849][  0]LogMeshReduction: Using QuadricMeshReduction for automatic static mesh reduction
[2020.01.13-19.27.20:849][  0]LogMeshReduction: Using SimplygonMeshReduction for automatic skeletal mesh reduction
[2020.01.13-19.27.20:849][  0]LogMeshReduction: Using ProxyLODMeshReduction for automatic mesh merging
[2020.01.13-19.27.20:849][  0]LogMeshReduction: No distributed automatic mesh merging module available
[2020.01.13-19.27.20:849][  0]LogMeshMerging: No distributed automatic mesh merging module available
[2020.01.13-19.27.20:860][  0]LogNetVersion: ShittyGame1 1.0.0, NetCL: 10570792, EngineNetVer: 13, GameNetVer: 0 (Checksum: 2150195322)
[2020.01.13-19.27.21:749][  0]LogPackageLocalizationCache: Processed 10 localized package path(s) for 1 prioritized culture(s) in 0.031894 seconds
[2020.01.13-19.27.21:756][  0]LogUObjectArray: 46750 objects as part of root set at end of initial load.
[2020.01.13-19.27.21:756][  0]LogUObjectAllocator: 8137160 out of 0 bytes used by permanent object pool.
[2020.01.13-19.27.21:756][  0]LogUObjectArray: CloseDisregardForGC: 0/0 objects in disregard for GC pool
[2020.01.13-19.27.22:082][  0]LogTcpMessaging: Initializing TcpMessaging bridge
[2020.01.13-19.27.22:085][  0]LogUdpMessaging: Initializing bridge on interface 0.0.0.0:0 to multicast group 230.0.0.1:6666.
[2020.01.13-19.27.22:127][  0]SourceControl: Source control is disabled
[2020.01.13-19.27.22:127][  0]SourceControl: Source control is disabled
[2020.01.13-19.27.22:128][  0]SourceControl: Source control is disabled
[2020.01.13-19.27.22:128][  0]SourceControl: Source control is disabled
[2020.01.13-19.27.22:129][  0]SourceControl: Source control is disabled
[2020.01.13-19.27.22:136][  0]LogVSAccessor: Display: Unable to create Visual Studio setup instance: 80040154
[2020.01.13-19.27.22:136][  0]LogVSAccessor: Display: Unable to create Visual Studio setup instance: 80040154
[2020.01.13-19.27.22:195][  0]LogAndroidPermission: UAndroidPermissionCallbackProxy::GetInstance
[2020.01.13-19.27.22:204][  0]LogAudioCaptureCore: Display: No Audio Capture implementations found. Audio input will be silent.
[2020.01.13-19.27.22:204][  0]LogAudioCaptureCore: Display: No Audio Capture implementations found. Audio input will be silent.
[2020.01.13-19.27.22:289][  0]LogOcInput: OculusInput pre-init called
[2020.01.13-19.27.22:295][  0]LogWindows: Failed to load 'OVRPlugin.dll' (GetLastError=126)
[2020.01.13-19.27.22:295][  0]LogWindows: File 'OVRPlugin.dll' does not exist
[2020.01.13-19.27.22:364][  0]LogEngine: Initializing Engine...
[2020.01.13-19.27.22:399][  0]LogHMD: Failed to initialize OpenVR with code 126
[2020.01.13-19.27.22:400][  0]LogStats: UGameplayTagsManager::InitializeManager -  0.000 s
[2020.01.13-19.27.22:714][  0]LogInit: Initializing FReadOnlyCVARCache
[2020.01.13-19.27.22:726][  0]LogAIModule: Creating AISystem for world Untitled
[2020.01.13-19.27.22:728][  0]LogAudioMixer: Display: Audio Mixer Platform Settings:
[2020.01.13-19.27.22:728][  0]LogAudioMixer: Display: 	Sample Rate:						  48000
[2020.01.13-19.27.22:728][  0]LogAudioMixer: Display: 	Callback Buffer Frame Size Requested: 1024
[2020.01.13-19.27.22:728][  0]LogAudioMixer: Display: 	Callback Buffer Frame Size To Use:	  1024
[2020.01.13-19.27.22:728][  0]LogAudioMixer: Display: 	Number of buffers to queue:			  2
[2020.01.13-19.27.22:728][  0]LogAudioMixer: Display: 	Max Channels (voices):				  32
[2020.01.13-19.27.22:728][  0]LogAudioMixer: Display: 	Number of Async Source Workers:		  0
[2020.01.13-19.27.22:728][  0]LogAudio: Display: AudioDevice MaxSources: 32
[2020.01.13-19.27.22:729][  0]LogAudio: Display: Using built-in audio occlusion.
[2020.01.13-19.27.22:729][  0]LogAudioMixer: Display: Initializing audio mixer.
[2020.01.13-19.27.22:736][  0]LogAudioMixer: Display: Audio Device Output Speaker Info:
[2020.01.13-19.27.22:736][  0]LogAudioMixer: Display: Name: Speakers (Realtek High Definition Audio)
[2020.01.13-19.27.22:736][  0]LogAudioMixer: Display: Is Default: Yes
[2020.01.13-19.27.22:736][  0]LogAudioMixer: Display: Sample Rate: 48000
[2020.01.13-19.27.22:736][  0]LogAudioMixer: Display: Channel Count Used: 2
[2020.01.13-19.27.22:736][  0]LogAudioMixer: Display: Device Channel Count: 2
[2020.01.13-19.27.22:736][  0]LogAudioMixer: Display: Channel Order:
[2020.01.13-19.27.22:736][  0]LogAudioMixer: Display: 0: FrontLeft
[2020.01.13-19.27.22:736][  0]LogAudioMixer: Display: 1: FrontRight
[2020.01.13-19.27.22:931][  0]LogAudioMixer: Display: Using Audio Device Speakers (Realtek High Definition Audio)
[2020.01.13-19.27.22:935][  0]LogInit: FAudioDevice initialized.
[2020.01.13-19.27.22:936][  0]LogNetVersion: Set ProjectVersion to 1.0.0.0. Version Checksum will be recalculated on next use.
[2020.01.13-19.27.23:079][  0]LogDerivedDataCache: Saved boot cache 0.14s 78MB C:/Users/geyoz/AppData/Local/UnrealEngine/4.24/DerivedDataCache/Boot.ddc.
[2020.01.13-19.27.23:083][  0]LogInit: Texture streaming: Enabled
[2020.01.13-19.27.23:091][  0]LogEngineSessionManager: EngineSessionManager initialized
[2020.01.13-19.27.23:091][  0]LogEditorSessionSummary: Verbose: Initializing EditorSessionSummaryWriter for editor session tracking
[2020.01.13-19.27.23:092][  0]LogEditorSessionSummary: EditorSessionSummaryWriter initialized
[2020.01.13-19.27.23:135][  0]LogInit: Transaction tracking system initialized
[2020.01.13-19.27.23:142][  0]BlueprintLog: New page: Editor Load
[2020.01.13-19.27.23:165][  0]LocalizationService: Localization service is disabled
[2020.01.13-19.27.23:204][  0]LogVSAccessor: Display: Unable to create Visual Studio setup instance: 80040154
[2020.01.13-19.27.23:205][  0]LogVSAccessor: Display: Unable to create Visual Studio setup instance: 80040154
[2020.01.13-19.27.23:410][  0]LogFileCache: Scanning file cache for directory 'D:/Users/geyoz/Documents/GitHub/UnrealProjects/ShittyGame1/Content/' took 0.01s
[2020.01.13-19.27.23:410][  0]LogCook: Display: Max memory allowance for cook 16384mb min free memory 0mb
[2020.01.13-19.27.23:410][  0]LogCook: Display: Mobile HDR setting 1
[2020.01.13-19.27.23:976][  0]SourceControl: Source control is disabled
[2020.01.13-19.27.23:976][  0]Cmd: MAP LOAD FILE="../../../../../../Users/geyoz/Documents/GitHub/UnrealProjects/ShittyGame1/Content/ThirdPersonBP/Maps/ThirdPersonExampleMap.umap" TEMPLATE=0 SHOWPROGRESS=1 FEATURELEVEL=3
[2020.01.13-19.27.23:977][  0]LightingResults: New page: Lighting Build
[2020.01.13-19.27.23:977][  0]LogWorld: UWorld::CleanupWorld for Untitled, bSessionEnded=true, bCleanupResources=true
[2020.01.13-19.27.23:977][  0]LogSlate: InvalidateAllWidgets triggered.  All widgets were invalidated
[2020.01.13-19.27.23:977][  0]MapCheck: New page: Map Check
[2020.01.13-19.27.23:977][  0]LightingResults: New page: Lighting Build
[2020.01.13-19.27.24:010][  0]LogUObjectHash: Compacting FUObjectHashTables data took   1.72ms
[2020.01.13-19.27.24:872][  0]LogAIModule: Creating AISystem for world ThirdPersonExampleMap
[2020.01.13-19.27.24:897][  0]LogEditorServer: Finished looking for orphan Actors (0.000 secs)
[2020.01.13-19.27.24:933][  0]LogUObjectHash: Compacting FUObjectHashTables data took   2.19ms
[2020.01.13-19.27.24:934][  0]Cmd: MAP CHECKDEP NOCLEARLOG
[2020.01.13-19.27.24:934][  0]MapCheck: Map check complete: 0 Error(s), 0 Warning(s), took 0.095ms to complete.
[2020.01.13-19.27.24:934][  0]LogFileHelpers: Loading map 'ThirdPersonExampleMap' took 0.958
[2020.01.13-19.27.25:076][  0]LogSlate: Updating window title bar state: overlay mode, drag disabled, window buttons hidden, title bar hidden
[2020.01.13-19.27.25:083][  0]LogSlate: Updating window title bar state: overlay mode, drag disabled, window buttons hidden, title bar hidden
[2020.01.13-19.27.25:089][  0]LogSlate: Updating window title bar state: overlay mode, drag disabled, window buttons hidden, title bar hidden
[2020.01.13-19.27.25:096][  0]LogSlate: Updating window title bar state: overlay mode, drag disabled, window buttons hidden, title bar hidden
[2020.01.13-19.27.25:103][  0]LogCollectionManager: Loaded 0 collections in 0.001083 seconds
[2020.01.13-19.27.25:114][  0]LogFileCache: Scanning file cache for directory 'D:/Users/geyoz/Documents/GitHub/UnrealProjects/ShittyGame1/Saved/Collections/' took 0.00s
[2020.01.13-19.27.25:114][  0]LogFileCache: Scanning file cache for directory 'D:/Users/geyoz/Documents/GitHub/UnrealProjects/ShittyGame1/Content/Developers/geyoz/Collections/' took 0.00s
[2020.01.13-19.27.25:114][  0]LogFileCache: Scanning file cache for directory 'D:/Users/geyoz/Documents/GitHub/UnrealProjects/ShittyGame1/Content/Collections/' took 0.00s
[2020.01.13-19.27.25:114][  0]LogContentBrowser: Native class hierarchy populated in 0.0076 seconds. Added 3015 classes and 717 folders.
[2020.01.13-19.27.25:116][  0]LogContentBrowser: Native class hierarchy updated for 'WidgetCarousel' in 0.0002 seconds. Added 0 classes and 0 folders.
[2020.01.13-19.27.25:351][  0]LogContentBrowser: Native class hierarchy updated for 'AddContentDialog' in 0.0002 seconds. Added 0 classes and 0 folders.
[2020.01.13-19.27.25:373][  0]LogContentBrowser: Native class hierarchy updated for 'SceneOutliner' in 0.0002 seconds. Added 2 classes and 3 folders.
[2020.01.13-19.27.25:449][  0]LogSlate: Took 0.000153 seconds to synchronously load lazily loaded font '../../../Engine/Content/Slate/Fonts/Roboto-Regular.ttf' (155K)
[2020.01.13-19.27.25:452][  0]LogSlate: Took 0.000140 seconds to synchronously load lazily loaded font '../../../Engine/Content/Slate/Fonts/Roboto-Bold.ttf' (160K)
[2020.01.13-19.27.25:458][  0]LogSlate: Took 0.004362 seconds to synchronously load lazily loaded font '../../../Engine/Content/Editor/Slate/Fonts/FontAwesome.ttf' (139K)
[2020.01.13-19.27.25:543][  0]LogRenderer: Reallocating scene render targets to support 844x360 Format 10 NumSamples 1 (Frame:1).
[2020.01.13-19.27.25:633][  0]LogContentBrowser: Native class hierarchy updated for 'HierarchicalLODOutliner' in 0.0003 seconds. Added 0 classes and 0 folders.
[2020.01.13-19.27.25:633][  0]LogLoad: (Engine Initialization) Total time: 8.46 seconds
[2020.01.13-19.27.25:633][  0]LogLoad: (Engine Initialization) Total Blueprint compile time: 0.00 seconds
[2020.01.13-19.27.25:709][  0]LogContentStreaming: Texture pool size now 1000 MB
[2020.01.13-19.27.25:727][  0]LogSlate: Took 0.004435 seconds to synchronously load lazily loaded font '../../../Engine/Content/Slate/Fonts/Roboto-Light.ttf' (167K)
[2020.01.13-19.27.25:848][  2]LogAssetRegistry: Asset discovery search completed in 5.4417 seconds
[2020.01.13-19.27.25:854][  2]LogCollectionManager: Fixed up redirectors for 0 collections in 0.000011 seconds (updated 0 objects)
[2020.01.13-19.28.27:624][628]Cmd: DELETE
[2020.01.13-19.28.27:624][628]Cmd: ACTOR DELETE
[2020.01.13-19.28.27:658][628]LogSlate: Took 0.000124 seconds to synchronously load lazily loaded font '../../../Engine/Content/Slate/Fonts/Roboto-Light.ttf' (167K)
[2020.01.13-19.28.27:696][628]LogEditorActor: Deleted Actor: TextRenderActor
[2020.01.13-19.28.27:723][628]LogUObjectHash: Compacting FUObjectHashTables data took   1.38ms
[2020.01.13-19.28.27:725][628]LogEditorActor: Deleted 1 Actors (0.091 secs)
[2020.01.13-19.28.32:394][905]LogUObjectHash: Compacting FUObjectHashTables data took   0.66ms
[2020.01.13-19.28.32:571][905]LogSavePackage: Moving '../../../../../../Users/geyoz/Documents/GitHub/UnrealProjects/ShittyGame1/Saved/ThirdPersonExampleMapBB8942B84A33AABC1962E6A9EAFA20DF.tmp' to '../../../../../../Users/geyoz/Documents/GitHub/UnrealProjects/ShittyGame1/Content/ThirdPersonBP/Maps/ThirdPersonExampleMap.umap'
[2020.01.13-19.28.32:728][905]LogSavePackage: Moving '../../../../../../Users/geyoz/Documents/GitHub/UnrealProjects/ShittyGame1/Saved/ThirdPersonExampleMap_BuiltData938E3AFC4A505019F23DD1BE9C9F3F97.tmp' to '../../../../../../Users/geyoz/Documents/GitHub/UnrealProjects/ShittyGame1/Content/ThirdPersonBP/Maps/ThirdPersonExampleMap_BuiltData.uasset'
[2020.01.13-19.28.32:743][905]AssetCheck: New page: Asset Save: multiple assets
[2020.01.13-19.28.32:743][905]LogContentValidation: Display: Validating World /Game/ThirdPersonBP/Maps/ThirdPersonExampleMap.ThirdPersonExampleMap
[2020.01.13-19.28.32:743][905]LogContentValidation: Display: Validating MapBuildDataRegistry /Game/ThirdPersonBP/Maps/ThirdPersonExampleMap_BuiltData.ThirdPersonExampleMap_BuiltData
[2020.01.13-19.29.03:255][ 42]LogUObjectHash: Compacting FUObjectHashTables data took   1.90ms
[2020.01.13-19.29.03:413][ 42]LogSavePackage: Moving '../../../../../../Users/geyoz/Documents/GitHub/UnrealProjects/ShittyGame1/Saved/ThirdPersonExampleMap8BB2C48E4B5FF52539E85B87C2E23D4A.tmp' to '../../../../../../Users/geyoz/Documents/GitHub/UnrealProjects/ShittyGame1/Content/ThirdPersonBP/Maps/ThirdPersonExampleMap.umap'
[2020.01.13-19.29.03:513][ 42]LogSavePackage: Moving '../../../../../../Users/geyoz/Documents/GitHub/UnrealProjects/ShittyGame1/Saved/ThirdPersonExampleMap_BuiltData50C26E8F46F4953C96328F93890E3AB3.tmp' to '../../../../../../Users/geyoz/Documents/GitHub/UnrealProjects/ShittyGame1/Content/ThirdPersonBP/Maps/ThirdPersonExampleMap_BuiltData.uasset'
[2020.01.13-19.29.03:526][ 42]AssetCheck: New page: Asset Save: multiple assets
[2020.01.13-19.29.03:526][ 42]LogContentValidation: Display: Validating World /Game/ThirdPersonBP/Maps/ThirdPersonExampleMap.ThirdPersonExampleMap
[2020.01.13-19.29.03:526][ 42]LogContentValidation: Display: Validating MapBuildDataRegistry /Game/ThirdPersonBP/Maps/ThirdPersonExampleMap_BuiltData.ThirdPersonExampleMap_BuiltData
[2020.01.13-19.29.46:609][863]LogTemp: Repeating last play command: Selected Viewport
[2020.01.13-19.29.46:624][863]LogBlueprintUserMessages: Early PlayInEditor Detection: Level '/Game/ThirdPersonBP/Maps/ThirdPersonExampleMap.ThirdPersonExampleMap:PersistentLevel' has LevelScriptBlueprint '/Game/ThirdPersonBP/Maps/ThirdPersonExampleMap.ThirdPersonExampleMap:PersistentLevel.ThirdPersonExampleMap' with GeneratedClass '/Game/ThirdPersonBP/Maps/ThirdPersonExampleMap.ThirdPersonExampleMap_C' with ClassGeneratedBy '/Game/ThirdPersonBP/Maps/ThirdPersonExampleMap.ThirdPersonExampleMap:PersistentLevel.ThirdPersonExampleMap'
[2020.01.13-19.29.46:624][863]LogPlayLevel: PlayLevel: No blueprints needed recompiling
[2020.01.13-19.29.46:624][863]PIE: New page: PIE session: ThirdPersonExampleMap (Jan 13, 2020, 3:29:46 AM)
[2020.01.13-19.29.46:625][863]LogOnline: OSS: Creating online subsystem instance for: NULL
[2020.01.13-19.29.46:626][863]LogOnline: OSS: TryLoadSubsystemAndSetDefault: Loaded subsystem for module [NULL]
[2020.01.13-19.29.46:626][863]LogPlayLevel: Creating play world package: /Game/ThirdPersonBP/Maps/UEDPIE_0_ThirdPersonExampleMap
[2020.01.13-19.29.46:649][863]LogPlayLevel: PIE: StaticDuplicateObject took: (0.023429s)
[2020.01.13-19.29.46:650][863]LogAIModule: Creating AISystem for world ThirdPersonExampleMap
[2020.01.13-19.29.46:650][863]LogPlayLevel: PIE: World Init took: (0.000949s)
[2020.01.13-19.29.46:651][863]LogPlayLevel: PIE: Created PIE world by copying editor world from /Game/ThirdPersonBP/Maps/ThirdPersonExampleMap.ThirdPersonExampleMap to /Game/ThirdPersonBP/Maps/UEDPIE_0_ThirdPersonExampleMap.ThirdPersonExampleMap (0.024642s)
[2020.01.13-19.29.46:677][863]LogUObjectHash: Compacting FUObjectHashTables data took   1.97ms
[2020.01.13-19.29.46:678][863]LogAudioMixer: Display: Audio Mixer Platform Settings:
[2020.01.13-19.29.46:678][863]LogAudioMixer: Display: 	Sample Rate:						  48000
[2020.01.13-19.29.46:678][863]LogAudioMixer: Display: 	Callback Buffer Frame Size Requested: 1024
[2020.01.13-19.29.46:678][863]LogAudioMixer: Display: 	Callback Buffer Frame Size To Use:	  1024
[2020.01.13-19.29.46:678][863]LogAudioMixer: Display: 	Number of buffers to queue:			  2
[2020.01.13-19.29.46:678][863]LogAudioMixer: Display: 	Max Channels (voices):				  32
[2020.01.13-19.29.46:678][863]LogAudioMixer: Display: 	Number of Async Source Workers:		  0
[2020.01.13-19.29.46:678][863]LogAudio: Display: AudioDevice MaxSources: 32
[2020.01.13-19.29.46:679][863]LogAudio: Display: Using built-in audio occlusion.
[2020.01.13-19.29.46:679][863]LogAudioMixer: Display: Initializing audio mixer.
[2020.01.13-19.29.46:681][863]LogAudioMixer: Display: Audio Device Output Speaker Info:
[2020.01.13-19.29.46:681][863]LogAudioMixer: Display: Name: Speakers (Realtek High Definition Audio)
[2020.01.13-19.29.46:681][863]LogAudioMixer: Display: Is Default: Yes
[2020.01.13-19.29.46:681][863]LogAudioMixer: Display: Sample Rate: 48000
[2020.01.13-19.29.46:681][863]LogAudioMixer: Display: Channel Count Used: 2
[2020.01.13-19.29.46:681][863]LogAudioMixer: Display: Device Channel Count: 2
[2020.01.13-19.29.46:681][863]LogAudioMixer: Display: Channel Order:
[2020.01.13-19.29.46:681][863]LogAudioMixer: Display: 0: FrontLeft
[2020.01.13-19.29.46:681][863]LogAudioMixer: Display: 1: FrontRight
[2020.01.13-19.29.46:718][863]LogAudioMixer: Display: Using Audio Device Speakers (Realtek High Definition Audio)
[2020.01.13-19.29.46:719][863]LogInit: FAudioDevice initialized.
[2020.01.13-19.29.46:731][863]LogLoad: Game class is 'ThirdPersonGameMode_C'
[2020.01.13-19.29.46:736][863]LogWorld: Bringing World /Game/ThirdPersonBP/Maps/UEDPIE_0_ThirdPersonExampleMap.ThirdPersonExampleMap up for play (max tick rate 60) at 2020.01.13-11.29.46
[2020.01.13-19.29.46:736][863]LogWorld: Bringing up level for play took: 0.003312
[2020.01.13-19.29.46:736][863]LogOnline: OSS: Creating online subsystem instance for: :Context_2
[2020.01.13-19.29.46:737][863]LogGameMode: FindPlayerStart: PATHS NOT DEFINED or NO PLAYERSTART with positive rating
[2020.01.13-19.29.46:739][863]LogContentBrowser: Native class hierarchy updated for 'MovieSceneCapture' in 0.0003 seconds. Added 20 classes and 0 folders.
[2020.01.13-19.29.46:740][863]PIE: Play in editor start time for /Game/ThirdPersonBP/Maps/UEDPIE_0_ThirdPersonExampleMap 0.073
[2020.01.13-19.29.46:740][863]LogBlueprintUserMessages: Late PlayInEditor Detection: Level '/Game/ThirdPersonBP/Maps/ThirdPersonExampleMap.ThirdPersonExampleMap:PersistentLevel' has LevelScriptBlueprint '/Game/ThirdPersonBP/Maps/ThirdPersonExampleMap.ThirdPersonExampleMap:PersistentLevel.ThirdPersonExampleMap' with GeneratedClass '/Game/ThirdPersonBP/Maps/ThirdPersonExampleMap.ThirdPersonExampleMap_C' with ClassGeneratedBy '/Game/ThirdPersonBP/Maps/ThirdPersonExampleMap.ThirdPersonExampleMap:PersistentLevel.ThirdPersonExampleMap'
[2020.01.13-19.30.51:233][729]LogAudioMixer: Display: No commands were queued while flushing the source manager.
[2020.01.13-19.30.51:233][729]LogAudioMixer: Display: No commands were queued while flushing the source manager.
[2020.01.13-19.30.51:233][729]LogBlueprintUserMessages: Early EndPlayMap Detection: Level '/Game/ThirdPersonBP/Maps/ThirdPersonExampleMap.ThirdPersonExampleMap:PersistentLevel' has LevelScriptBlueprint '/Game/ThirdPersonBP/Maps/ThirdPersonExampleMap.ThirdPersonExampleMap:PersistentLevel.ThirdPersonExampleMap' with GeneratedClass '/Game/ThirdPersonBP/Maps/ThirdPersonExampleMap.ThirdPersonExampleMap_C' with ClassGeneratedBy '/Game/ThirdPersonBP/Maps/ThirdPersonExampleMap.ThirdPersonExampleMap:PersistentLevel.ThirdPersonExampleMap'
[2020.01.13-19.30.51:233][729]LogSlate: Updating window title bar state: overlay mode, drag disabled, window buttons hidden, title bar hidden
[2020.01.13-19.30.51:233][729]LogWorld: BeginTearingDown for /Game/ThirdPersonBP/Maps/UEDPIE_0_ThirdPersonExampleMap
[2020.01.13-19.30.51:234][729]LogAudioMixer: Display: No commands were queued while flushing the source manager.
[2020.01.13-19.30.51:234][729]LogWorld: UWorld::CleanupWorld for ThirdPersonExampleMap, bSessionEnded=true, bCleanupResources=true
[2020.01.13-19.30.51:235][729]LogSlate: InvalidateAllWidgets triggered.  All widgets were invalidated
[2020.01.13-19.30.51:243][729]LogPlayLevel: Display: Shutting down PIE online subsystems
[2020.01.13-19.30.51:243][729]LogBlueprintUserMessages: Late EndPlayMap Detection: Level '/Game/ThirdPersonBP/Maps/ThirdPersonExampleMap.ThirdPersonExampleMap:PersistentLevel' has LevelScriptBlueprint '/Game/ThirdPersonBP/Maps/ThirdPersonExampleMap.ThirdPersonExampleMap:PersistentLevel.ThirdPersonExampleMap' with GeneratedClass '/Game/ThirdPersonBP/Maps/ThirdPersonExampleMap.ThirdPersonExampleMap_C' with ClassGeneratedBy '/Game/ThirdPersonBP/Maps/ThirdPersonExampleMap.ThirdPersonExampleMap:PersistentLevel.ThirdPersonExampleMap'
[2020.01.13-19.30.51:246][729]LogSlate: InvalidateAllWidgets triggered.  All widgets were invalidated
[2020.01.13-19.30.51:270][729]LogAudioMixer: Display: No commands were queued while flushing the source manager.
[2020.01.13-19.30.51:274][729]LogSlate: Updating window title bar state: overlay mode, drag disabled, window buttons hidden, title bar hidden
[2020.01.13-19.30.51:277][729]LogUObjectHash: Compacting FUObjectHashTables data took   1.58ms
[2020.01.13-19.30.51:348][733]LogPlayLevel: Display: Destroying online subsystem :Context_2
[2020.01.13-19.30.59:088][197]LogEditorViewport: Clicking on Actor (LMB): PointLight (PointLight14)
[2020.01.13-19.31.05:387][573]Cmd: TRANSACTION UNDO
[2020.01.13-19.31.05:387][573]LogEditorTransaction: Undo Move Actors
[2020.01.13-19.31.14:936][127]LogEditorViewport: Clicking on Actor (LMB): PointLight (PointLight16)
[2020.01.13-19.31.29:414][880]LogEditorViewport: Clicking on Actor (LMB): PointLight (PointLight15)
[2020.01.13-19.31.30:553][947]Cmd: DELETE
[2020.01.13-19.31.30:553][947]Cmd: ACTOR DELETE
[2020.01.13-19.31.30:557][947]LogEditorActor: Deleted Actor: PointLight
[2020.01.13-19.31.30:586][947]LogUObjectHash: Compacting FUObjectHashTables data took   0.62ms
[2020.01.13-19.31.30:586][947]LogEditorActor: Deleted 1 Actors (0.033 secs)
[2020.01.13-19.31.32:521][ 60]LogUObjectHash: Compacting FUObjectHashTables data took   0.63ms
[2020.01.13-19.31.32:692][ 60]LogSavePackage: Moving '../../../../../../Users/geyoz/Documents/GitHub/UnrealProjects/ShittyGame1/Saved/ThirdPersonExampleMap450ED50C4E80D187A00BCE860F6BC255.tmp' to '../../../../../../Users/geyoz/Documents/GitHub/UnrealProjects/ShittyGame1/Content/ThirdPersonBP/Maps/ThirdPersonExampleMap.umap'
[2020.01.13-19.31.32:809][ 60]LogSavePackage: Moving '../../../../../../Users/geyoz/Documents/GitHub/UnrealProjects/ShittyGame1/Saved/ThirdPersonExampleMap_BuiltDataFC82D8D14766790EF2468899028F3AF7.tmp' to '../../../../../../Users/geyoz/Documents/GitHub/UnrealProjects/ShittyGame1/Content/ThirdPersonBP/Maps/ThirdPersonExampleMap_BuiltData.uasset'
[2020.01.13-19.31.32:823][ 60]AssetCheck: New page: Asset Save: multiple assets
[2020.01.13-19.31.32:823][ 60]LogContentValidation: Display: Validating World /Game/ThirdPersonBP/Maps/ThirdPersonExampleMap.ThirdPersonExampleMap
[2020.01.13-19.31.32:823][ 60]LogContentValidation: Display: Validating MapBuildDataRegistry /Game/ThirdPersonBP/Maps/ThirdPersonExampleMap_BuiltData.ThirdPersonExampleMap_BuiltData
[2020.01.13-19.31.40:975][527]LogUObjectHash: Compacting FUObjectHashTables data took   1.93ms
[2020.01.13-19.31.41:139][527]LogSavePackage: Moving '../../../../../../Users/geyoz/Documents/GitHub/UnrealProjects/ShittyGame1/Saved/ThirdPersonExampleMap32DB5A4546848B21A440EB94668D60EF.tmp' to '../../../../../../Users/geyoz/Documents/GitHub/UnrealProjects/ShittyGame1/Content/ThirdPersonBP/Maps/ThirdPersonExampleMap.umap'
[2020.01.13-19.31.41:250][527]LogSavePackage: Moving '../../../../../../Users/geyoz/Documents/GitHub/UnrealProjects/ShittyGame1/Saved/ThirdPersonExampleMap_BuiltDataCB908DA64450D028E703A0977B5BCA93.tmp' to '../../../../../../Users/geyoz/Documents/GitHub/UnrealProjects/ShittyGame1/Content/ThirdPersonBP/Maps/ThirdPersonExampleMap_BuiltData.uasset'
[2020.01.13-19.31.41:262][527]AssetCheck: New page: Asset Save: multiple assets
[2020.01.13-19.31.41:262][527]LogContentValidation: Display: Validating World /Game/ThirdPersonBP/Maps/ThirdPersonExampleMap.ThirdPersonExampleMap
[2020.01.13-19.31.41:262][527]LogContentValidation: Display: Validating MapBuildDataRegistry /Game/ThirdPersonBP/Maps/ThirdPersonExampleMap_BuiltData.ThirdPersonExampleMap_BuiltData
[2020.01.13-19.32.08:724][423]LogAssetEditorSubsystem: Opening Asset editor for LevelScriptBlueprint /Game/ThirdPersonBP/Maps/ThirdPersonExampleMap.ThirdPersonExampleMap:PersistentLevel.ThirdPersonExampleMap
[2020.01.13-19.32.09:112][423]LogContentBrowser: Native class hierarchy updated for 'BlueprintGraph' in 0.0005 seconds. Added 121 classes and 0 folders.
[2020.01.13-19.32.09:909][423]LogSlate: Took 0.000139 seconds to synchronously load lazily loaded font '../../../Engine/Content/Slate/Fonts/Roboto-BoldCondensed.ttf' (158K)
[2020.01.13-19.32.10:069][424]LogSlate: Took 0.004585 seconds to synchronously load lazily loaded font '../../../Engine/Content/Slate/Fonts/Roboto-Italic.ttf' (157K)
[2020.01.13-19.32.46:946][271]LogUObjectHash: Compacting FUObjectHashTables data took   3.18ms
[2020.01.13-19.32.47:180][271]LogSavePackage: Moving '../../../../../../Users/geyoz/Documents/GitHub/UnrealProjects/ShittyGame1/Saved/ThirdPersonExampleMapC6B469C649E66D3E4AD18398AE52CE85.tmp' to '../../../../../../Users/geyoz/Documents/GitHub/UnrealProjects/ShittyGame1/Content/ThirdPersonBP/Maps/ThirdPersonExampleMap.umap'
[2020.01.13-19.32.47:209][271]LogFileHelpers: Saving map 'ThirdPersonExampleMap' took 0.298
[2020.01.13-19.32.47:220][271]AssetCheck: New page: Asset Save: ThirdPersonExampleMap
[2020.01.13-19.32.47:220][271]LogContentValidation: Display: Validating World /Game/ThirdPersonBP/Maps/ThirdPersonExampleMap.ThirdPersonExampleMap
[2020.01.13-19.32.50:811][474]LogUObjectHash: Compacting FUObjectHashTables data took   2.89ms
[2020.01.13-19.32.51:043][474]LogSavePackage: Moving '../../../../../../Users/geyoz/Documents/GitHub/UnrealProjects/ShittyGame1/Saved/ThirdPersonExampleMap11D5F1F649828EBB0B0DE0BE15AF6D86.tmp' to '../../../../../../Users/geyoz/Documents/GitHub/UnrealProjects/ShittyGame1/Content/ThirdPersonBP/Maps/ThirdPersonExampleMap.umap'
[2020.01.13-19.32.51:151][474]LogSavePackage: Moving '../../../../../../Users/geyoz/Documents/GitHub/UnrealProjects/ShittyGame1/Saved/ThirdPersonExampleMap_BuiltData22A090FE4E3EBA84B5CA93884E33712C.tmp' to '../../../../../../Users/geyoz/Documents/GitHub/UnrealProjects/ShittyGame1/Content/ThirdPersonBP/Maps/ThirdPersonExampleMap_BuiltData.uasset'
[2020.01.13-19.32.51:170][474]AssetCheck: New page: Asset Save: multiple assets
[2020.01.13-19.32.51:170][474]LogContentValidation: Display: Validating World /Game/ThirdPersonBP/Maps/ThirdPersonExampleMap.ThirdPersonExampleMap
[2020.01.13-19.32.51:170][474]LogContentValidation: Display: Validating MapBuildDataRegistry /Game/ThirdPersonBP/Maps/ThirdPersonExampleMap_BuiltData.ThirdPersonExampleMap_BuiltData
[2020.01.13-19.32.51:725][503]LogUObjectHash: Compacting FUObjectHashTables data took   2.89ms
[2020.01.13-19.32.51:959][503]LogSavePackage: Moving '../../../../../../Users/geyoz/Documents/GitHub/UnrealProjects/ShittyGame1/Saved/ThirdPersonExampleMap901D8BA64BA909FF5003DF9894FCA3A6.tmp' to '../../../../../../Users/geyoz/Documents/GitHub/UnrealProjects/ShittyGame1/Content/ThirdPersonBP/Maps/ThirdPersonExampleMap.umap'
[2020.01.13-19.32.52:073][503]LogSavePackage: Moving '../../../../../../Users/geyoz/Documents/GitHub/UnrealProjects/ShittyGame1/Saved/ThirdPersonExampleMap_BuiltData128FAAB0414F7D0AF0F020BE3DB66A51.tmp' to '../../../../../../Users/geyoz/Documents/GitHub/UnrealProjects/ShittyGame1/Content/ThirdPersonBP/Maps/ThirdPersonExampleMap_BuiltData.uasset'
[2020.01.13-19.32.52:091][503]AssetCheck: New page: Asset Save: multiple assets
[2020.01.13-19.32.52:092][503]LogContentValidation: Display: Validating World /Game/ThirdPersonBP/Maps/ThirdPersonExampleMap.ThirdPersonExampleMap
[2020.01.13-19.32.52:092][503]LogContentValidation: Display: Validating MapBuildDataRegistry /Game/ThirdPersonBP/Maps/ThirdPersonExampleMap_BuiltData.ThirdPersonExampleMap_BuiltData
[2020.01.13-19.33.33:513][509]LogSlate: Prevented a slow task dialog from being summoned while a context menu was open
[2020.01.13-19.33.33:513][509]LogAssetEditorSubsystem: Opening Asset editor for Blueprint /Game/ThirdPersonBP/Blueprints/ThirdPersonCharacter.ThirdPersonCharacter
[2020.01.13-19.33.56:672][819]LogSlate: Prevented a slow task dialog from being summoned while a context menu was open
[2020.01.13-19.33.56:672][819]LogAssetEditorSubsystem: Opening Asset editor for Blueprint /Game/Blueprints/Clocky/Clocky.Clocky
[2020.01.13-19.35.32:973][406]Cmd: OBJ SAVEPACKAGE PACKAGE="/Game/Blueprints/Clocky/Clocky" FILE="../../../../../../Users/geyoz/Documents/GitHub/UnrealProjects/ShittyGame1/Content/Blueprints/Clocky/Clocky.uasset" SILENT=true
[2020.01.13-19.35.33:007][406]LogSavePackage: Moving '../../../../../../Users/geyoz/Documents/GitHub/UnrealProjects/ShittyGame1/Saved/Clocky3563E133461D196526A6798541FE4A4F.tmp' to '../../../../../../Users/geyoz/Documents/GitHub/UnrealProjects/ShittyGame1/Content/Blueprints/Clocky/Clocky.uasset'
[2020.01.13-19.35.33:025][406]AssetCheck: New page: Asset Save: Clocky
[2020.01.13-19.35.33:025][406]LogContentValidation: Display: Validating Blueprint /Game/Blueprints/Clocky/Clocky.Clocky
[2020.01.13-19.35.33:673][444]BlueprintLog: New page: Compile Clocky
[2020.01.13-19.35.33:920][444]LogUObjectHash: Compacting FUObjectHashTables data took   3.35ms
[2020.01.13-19.35.34:801][490]Cmd: OBJ SAVEPACKAGE PACKAGE="/Game/Blueprints/Clocky/Clocky" FILE="../../../../../../Users/geyoz/Documents/GitHub/UnrealProjects/ShittyGame1/Content/Blueprints/Clocky/Clocky.uasset" SILENT=true
[2020.01.13-19.35.34:827][490]LogSavePackage: Moving '../../../../../../Users/geyoz/Documents/GitHub/UnrealProjects/ShittyGame1/Saved/Clocky7EBC031A4C2623C373462FB0972D7A04.tmp' to '../../../../../../Users/geyoz/Documents/GitHub/UnrealProjects/ShittyGame1/Content/Blueprints/Clocky/Clocky.uasset'
[2020.01.13-19.35.34:839][490]AssetCheck: New page: Asset Save: Clocky
[2020.01.13-19.35.34:839][490]LogContentValidation: Display: Validating Blueprint /Game/Blueprints/Clocky/Clocky.Clocky
[2020.01.13-19.35.36:974][611]BlueprintLog: New page: Compile ThirdPersonExampleMap
[2020.01.13-19.35.37:192][611]LogUObjectHash: Compacting FUObjectHashTables data took   3.17ms
[2020.01.13-19.35.37:538][626]LogUObjectHash: Compacting FUObjectHashTables data took   3.04ms
[2020.01.13-19.35.37:786][626]LogSavePackage: Moving '../../../../../../Users/geyoz/Documents/GitHub/UnrealProjects/ShittyGame1/Saved/ThirdPersonExampleMap4E919DEB4EB49F11CFAC8AA47D9C4864.tmp' to '../../../../../../Users/geyoz/Documents/GitHub/UnrealProjects/ShittyGame1/Content/ThirdPersonBP/Maps/ThirdPersonExampleMap.umap'
[2020.01.13-19.35.37:815][626]LogFileHelpers: Saving map 'ThirdPersonExampleMap' took 0.321
[2020.01.13-19.35.37:828][626]AssetCheck: New page: Asset Save: ThirdPersonExampleMap
[2020.01.13-19.35.37:828][626]LogContentValidation: Display: Validating World /Game/ThirdPersonBP/Maps/ThirdPersonExampleMap.ThirdPersonExampleMap
[2020.01.13-19.35.42:667][906]LogUObjectHash: Compacting FUObjectHashTables data took   3.07ms
[2020.01.13-19.35.42:909][906]LogSavePackage: Moving '../../../../../../Users/geyoz/Documents/GitHub/UnrealProjects/ShittyGame1/Saved/ThirdPersonExampleMapA23CBE1B42BC98F03D48DD84EE42AA27.tmp' to '../../../../../../Users/geyoz/Documents/GitHub/UnrealProjects/ShittyGame1/Content/ThirdPersonBP/Maps/ThirdPersonExampleMap.umap'
[2020.01.13-19.35.43:033][906]LogSavePackage: Moving '../../../../../../Users/geyoz/Documents/GitHub/UnrealProjects/ShittyGame1/Saved/ThirdPersonExampleMap_BuiltData713F8D6741FF43D78A8A109937EB6CD4.tmp' to '../../../../../../Users/geyoz/Documents/GitHub/UnrealProjects/ShittyGame1/Content/ThirdPersonBP/Maps/ThirdPersonExampleMap_BuiltData.uasset'
[2020.01.13-19.35.43:050][906]AssetCheck: New page: Asset Save: multiple assets
[2020.01.13-19.35.43:050][906]LogContentValidation: Display: Validating World /Game/ThirdPersonBP/Maps/ThirdPersonExampleMap.ThirdPersonExampleMap
[2020.01.13-19.35.43:051][906]LogContentValidation: Display: Validating MapBuildDataRegistry /Game/ThirdPersonBP/Maps/ThirdPersonExampleMap_BuiltData.ThirdPersonExampleMap_BuiltData
[2020.01.13-19.35.53:559][505]LogSlate: Prevented a slow task dialog from being summoned while a context menu was open
[2020.01.13-19.35.53:559][505]LogAssetEditorSubsystem: Opening Asset editor for Blueprint /Game/Blueprints/TPGameHud/HudThingy.HudThingy
[2020.01.13-19.36.21:775][993]BlueprintLog: New page: Compile HudThingy
[2020.01.13-19.36.21:999][993]LogUObjectHash: Compacting FUObjectHashTables data took   3.56ms
[2020.01.13-19.36.22:539][ 16]LogSavePackage: Moving '../../../../../../Users/geyoz/Documents/GitHub/UnrealProjects/ShittyGame1/Saved/HudThingy9AE6A10F4FF8F6E4525CD9B9CB719509.tmp' to '../../../../../../Users/geyoz/Documents/GitHub/UnrealProjects/ShittyGame1/Content/Blueprints/TPGameHud/HudThingy.uasset'
[2020.01.13-19.36.22:555][ 16]AssetCheck: New page: Asset Save: HudThingy
[2020.01.13-19.36.22:555][ 16]LogContentValidation: Display: Validating Blueprint /Game/Blueprints/TPGameHud/HudThingy.HudThingy
[2020.01.13-19.36.23:405][ 61]LogUObjectHash: Compacting FUObjectHashTables data took   3.26ms
[2020.01.13-19.36.23:640][ 61]LogSavePackage: Moving '../../../../../../Users/geyoz/Documents/GitHub/UnrealProjects/ShittyGame1/Saved/ThirdPersonExampleMapFB95A3014BF8ACA8B3AE30A2C316EA6B.tmp' to '../../../../../../Users/geyoz/Documents/GitHub/UnrealProjects/ShittyGame1/Content/ThirdPersonBP/Maps/ThirdPersonExampleMap.umap'
[2020.01.13-19.36.23:748][ 61]LogSavePackage: Moving '../../../../../../Users/geyoz/Documents/GitHub/UnrealProjects/ShittyGame1/Saved/ThirdPersonExampleMap_BuiltDataBCCB60844596D958C6054F8C8F545FB8.tmp' to '../../../../../../Users/geyoz/Documents/GitHub/UnrealProjects/ShittyGame1/Content/ThirdPersonBP/Maps/ThirdPersonExampleMap_BuiltData.uasset'
[2020.01.13-19.36.23:765][ 61]AssetCheck: New page: Asset Save: multiple assets
[2020.01.13-19.36.23:765][ 61]LogContentValidation: Display: Validating World /Game/ThirdPersonBP/Maps/ThirdPersonExampleMap.ThirdPersonExampleMap
[2020.01.13-19.36.23:765][ 61]LogContentValidation: Display: Validating MapBuildDataRegistry /Game/ThirdPersonBP/Maps/ThirdPersonExampleMap_BuiltData.ThirdPersonExampleMap_BuiltData
[2020.01.13-19.36.31:480][491]LogSlate: Prevented a slow task dialog from being summoned while a context menu was open
[2020.01.13-19.36.31:480][491]LogAssetEditorSubsystem: Opening Asset editor for Blueprint /Game/Blueprints/TheThingyMacGuffin/TheThingyMacGuffin.TheThingyMacGuffin
[2020.01.13-19.36.47:197][373]BlueprintLog: New page: Compile TheThingyMacGuffin
[2020.01.13-19.36.47:431][373]LogUObjectHash: Compacting FUObjectHashTables data took   3.22ms
[2020.01.13-19.36.47:783][385]LogSavePackage: Moving '../../../../../../Users/geyoz/Documents/GitHub/UnrealProjects/ShittyGame1/Saved/TheThingyMacGuffin117172B34B0835FACF755F82C474D536.tmp' to '../../../../../../Users/geyoz/Documents/GitHub/UnrealProjects/ShittyGame1/Content/Blueprints/TheThingyMacGuffin/TheThingyMacGuffin.uasset'
[2020.01.13-19.36.47:799][385]AssetCheck: New page: Asset Save: TheThingyMacGuffin
[2020.01.13-19.36.47:799][385]LogContentValidation: Display: Validating Blueprint /Game/Blueprints/TheThingyMacGuffin/TheThingyMacGuffin.TheThingyMacGuffin
[2020.01.13-19.36.57:664][939]LogSlate: Prevented a slow task dialog from being summoned while a context menu was open
[2020.01.13-19.36.57:665][939]LogAssetEditorSubsystem: Opening Asset editor for Blueprint /Game/ThirdPersonBP/Blueprints/ThirdPersonGameMode.ThirdPersonGameMode
[2020.01.13-19.37.13:863][856]LogWorld: UWorld::CleanupWorld for World_9, bSessionEnded=true, bCleanupResources=true
[2020.01.13-19.37.13:863][856]LogSlate: InvalidateAllWidgets triggered.  All widgets were invalidated
[2020.01.13-19.37.22:099][299]LogSlate: Prevented a slow task dialog from being summoned while a context menu was open
[2020.01.13-19.37.22:100][299]LogAssetEditorSubsystem: Opening Asset editor for Blueprint /Game/ThirdPersonBP/ThirdPersonOverview.ThirdPersonOverview
[2020.01.13-19.37.27:576][581]LogWorld: UWorld::CleanupWorld for World_10, bSessionEnded=true, bCleanupResources=true
[2020.01.13-19.37.27:576][581]LogSlate: InvalidateAllWidgets triggered.  All widgets were invalidated
[2020.01.13-19.37.29:994][708]LogUObjectHash: Compacting FUObjectHashTables data took   3.35ms
[2020.01.13-19.37.30:240][708]LogSavePackage: Moving '../../../../../../Users/geyoz/Documents/GitHub/UnrealProjects/ShittyGame1/Saved/ThirdPersonExampleMap80083FB24C4029A4A42883BE487F1613.tmp' to '../../../../../../Users/geyoz/Documents/GitHub/UnrealProjects/ShittyGame1/Content/ThirdPersonBP/Maps/ThirdPersonExampleMap.umap'
[2020.01.13-19.37.30:352][708]LogSavePackage: Moving '../../../../../../Users/geyoz/Documents/GitHub/UnrealProjects/ShittyGame1/Saved/ThirdPersonExampleMap_BuiltData2573C69B42675AD9576D078CE723FA59.tmp' to '../../../../../../Users/geyoz/Documents/GitHub/UnrealProjects/ShittyGame1/Content/ThirdPersonBP/Maps/ThirdPersonExampleMap_BuiltData.uasset'
[2020.01.13-19.37.30:370][708]AssetCheck: New page: Asset Save: multiple assets
[2020.01.13-19.37.30:370][708]LogContentValidation: Display: Validating World /Game/ThirdPersonBP/Maps/ThirdPersonExampleMap.ThirdPersonExampleMap
[2020.01.13-19.37.30:370][708]LogContentValidation: Display: Validating MapBuildDataRegistry /Game/ThirdPersonBP/Maps/ThirdPersonExampleMap_BuiltData.ThirdPersonExampleMap_BuiltData
